2022-03-25 15:45:25,191-werkzeug-INFO- * Running on http://0.0.0.0:8080/ (Press CTRL+C to quit)
2022-03-25 15:45:27,474-root-WARNING-Too high Temp
2022-03-25 15:45:27,475-root-WARNING-Too high Temp
2022-03-25 15:45:27,620-root-WARNING-Too high Temp
2022-03-25 15:45:27,620-root-WARNING-Too high Temp
2022-03-25 15:45:27,758-root-WARNING-Too high Temp
2022-03-25 15:45:27,758-root-WARNING-Too high Temp
2022-03-25 15:45:27,894-root-WARNING-Too high Temp
2022-03-25 15:45:27,894-root-WARNING-Too high Temp
2022-03-25 15:45:28,031-root-WARNING-Too high Temp
2022-03-25 15:45:28,032-root-WARNING-Too high Temp
2022-03-25 15:45:28,173-root-WARNING-Too high Temp
2022-03-25 15:45:28,173-root-WARNING-Too high Temp
2022-03-25 15:45:28,330-root-WARNING-Too high Temp
2022-03-25 15:45:28,330-root-WARNING-Too high Temp
2022-03-25 15:45:28,500-root-WARNING-Too high Temp
2022-03-25 15:45:28,501-root-WARNING-Too high Temp
2022-03-25 15:45:28,664-root-WARNING-Too high Temp
2022-03-25 15:45:28,664-root-WARNING-Too high Temp
2022-03-25 15:45:28,831-root-WARNING-Too high Temp
2022-03-25 15:45:28,831-root-WARNING-Too high Temp
2022-03-25 15:45:28,997-root-WARNING-Too high Temp
2022-03-25 15:45:28,997-root-WARNING-Too high Temp
2022-03-25 15:45:29,204-root-WARNING-Too high Temp
2022-03-25 15:45:29,204-root-WARNING-Too high Temp
2022-03-25 15:45:29,347-root-WARNING-Too high Temp
2022-03-25 15:45:29,348-root-WARNING-Too high Temp
2022-03-25 15:45:29,497-root-WARNING-Too high Temp
2022-03-25 15:45:29,498-root-WARNING-Too high Temp
2022-03-25 15:45:29,663-root-WARNING-Too high Temp
2022-03-25 15:45:29,663-root-WARNING-Too high Temp
2022-03-25 15:45:29,829-root-WARNING-Too high Temp
2022-03-25 15:45:29,829-root-WARNING-Too high Temp
2022-03-25 15:45:29,996-root-WARNING-Too high Temp
2022-03-25 15:45:29,997-root-WARNING-Too high Temp
2022-03-25 15:45:30,167-root-WARNING-Too high Temp
2022-03-25 15:45:30,167-root-WARNING-Too high Temp
2022-03-25 15:45:30,329-root-WARNING-Too high Temp
2022-03-25 15:45:30,329-root-WARNING-Too high Temp
2022-03-25 15:45:30,495-root-WARNING-Too high Temp
2022-03-25 15:45:30,496-root-WARNING-Too high Temp
2022-03-25 15:45:30,627-root-INFO-Temp : 90.52 RPM : 0
2022-03-25 15:45:30,631-root-INFO-Temp : 90.52 RPM : 0
2022-03-25 15:45:30,662-root-WARNING-Too high Temp
2022-03-25 15:45:30,662-root-WARNING-Too high Temp
2022-03-25 15:45:30,830-root-WARNING-Too high Temp
2022-03-25 15:45:30,830-root-WARNING-Too high Temp
2022-03-25 15:45:30,996-root-WARNING-Too high Temp
2022-03-25 15:45:30,997-root-WARNING-Too high Temp
2022-03-25 15:45:31,162-root-WARNING-Too high Temp
2022-03-25 15:45:31,162-root-WARNING-Too high Temp
2022-03-25 15:45:31,335-root-WARNING-Too high Temp
2022-03-25 15:45:31,335-root-WARNING-Too high Temp
2022-03-25 15:45:31,498-root-WARNING-Too high Temp
2022-03-25 15:45:31,498-root-WARNING-Too high Temp
2022-03-25 15:45:31,665-root-WARNING-Too high Temp
2022-03-25 15:45:31,666-root-WARNING-Too high Temp
2022-03-25 15:45:31,829-root-WARNING-Too high Temp
2022-03-25 15:45:31,830-root-WARNING-Too high Temp
2022-03-25 15:45:31,996-root-WARNING-Too high Temp
2022-03-25 15:45:31,997-root-WARNING-Too high Temp
2022-03-25 15:45:32,164-root-WARNING-Too high Temp
2022-03-25 15:45:32,164-root-WARNING-Too high Temp
2022-03-25 15:45:32,330-root-WARNING-Too high Temp
2022-03-25 15:45:32,330-root-WARNING-Too high Temp
2022-03-25 15:45:32,496-root-WARNING-Too high Temp
2022-03-25 15:45:32,497-root-WARNING-Too high Temp
2022-03-25 15:45:32,662-root-WARNING-Too high Temp
2022-03-25 15:45:32,663-root-WARNING-Too high Temp
2022-03-25 15:45:32,832-root-WARNING-Too high Temp
2022-03-25 15:45:32,832-root-WARNING-Too high Temp
2022-03-25 15:45:33,074-root-WARNING-Too high Temp
2022-03-25 15:45:33,075-root-WARNING-Too high Temp
2022-03-25 15:45:33,314-root-WARNING-Too high Temp
2022-03-25 15:45:33,314-root-WARNING-Too high Temp
2022-03-25 15:45:33,473-root-WARNING-Too high Temp
2022-03-25 15:45:33,475-root-WARNING-Too high Temp
2022-03-25 15:45:33,638-root-WARNING-Too high Temp
2022-03-25 15:45:33,638-root-WARNING-Too high Temp
2022-03-25 15:45:33,829-root-WARNING-Too high Temp
2022-03-25 15:45:33,829-root-WARNING-Too high Temp
2022-03-25 15:45:34,050-root-WARNING-Too high Temp
2022-03-25 15:45:34,051-root-WARNING-Too high Temp
2022-03-25 15:45:34,221-root-INFO-Temp : 90.52 RPM : 0
2022-03-25 15:45:34,221-root-INFO-Temp : 90.52 RPM : 0
2022-03-25 15:45:34,262-root-WARNING-Too high Temp
2022-03-25 15:45:34,262-root-WARNING-Too high Temp
2022-03-25 15:45:34,479-root-WARNING-Too high Temp
2022-03-25 15:45:34,481-root-WARNING-Too high Temp
2022-03-25 15:45:34,674-root-WARNING-Too high Temp
2022-03-25 15:45:34,674-root-WARNING-Too high Temp
2022-03-25 15:45:34,868-root-WARNING-Too high Temp
2022-03-25 15:45:34,869-root-WARNING-Too high Temp
2022-03-25 15:45:35,066-root-WARNING-Too high Temp
2022-03-25 15:45:35,066-root-WARNING-Too high Temp
2022-03-25 15:45:35,264-root-WARNING-Too high Temp
2022-03-25 15:45:35,266-root-WARNING-Too high Temp
2022-03-25 15:45:35,464-root-WARNING-Too high Temp
2022-03-25 15:45:35,465-root-WARNING-Too high Temp
2022-03-25 15:45:35,670-root-WARNING-Too high Temp
2022-03-25 15:45:35,671-root-WARNING-Too high Temp
2022-03-25 15:45:35,885-root-WARNING-Too high Temp
2022-03-25 15:45:35,886-root-WARNING-Too high Temp
2022-03-25 15:45:36,063-root-WARNING-Too high Temp
2022-03-25 15:45:36,064-root-WARNING-Too high Temp
2022-03-25 15:45:36,271-root-WARNING-Too high Temp
2022-03-25 15:45:36,272-root-WARNING-Too high Temp
2022-03-25 15:45:36,432-root-WARNING-Too high Temp
2022-03-25 15:45:36,433-root-WARNING-Too high Temp
2022-03-25 15:45:36,573-root-WARNING-Too high Temp
2022-03-25 15:45:36,573-root-WARNING-Too high Temp
2022-03-25 15:45:36,732-root-WARNING-Too high Temp
2022-03-25 15:45:36,735-root-WARNING-Too high Temp
2022-03-25 15:45:36,904-root-WARNING-Too high Temp
2022-03-25 15:45:36,906-root-WARNING-Too high Temp
2022-03-25 15:45:37,051-root-WARNING-Too high Temp
2022-03-25 15:45:37,052-root-WARNING-Too high Temp
2022-03-25 15:45:37,214-root-WARNING-Too high Temp
2022-03-25 15:45:37,215-root-WARNING-Too high Temp
2022-03-25 15:45:37,370-root-WARNING-Too high Temp
2022-03-25 15:45:37,370-root-WARNING-Too high Temp
2022-03-25 15:45:37,515-root-WARNING-Too high Temp
2022-03-25 15:45:37,515-root-WARNING-Too high Temp
2022-03-25 15:45:37,655-root-WARNING-Too high Temp
2022-03-25 15:45:37,655-root-WARNING-Too high Temp
2022-03-25 15:45:37,767-root-INFO-Temp : 90.47 RPM : 0
2022-03-25 15:45:37,768-root-INFO-Temp : 90.47 RPM : 0
2022-03-25 15:45:37,798-root-WARNING-Too high Temp
2022-03-25 15:45:37,799-root-WARNING-Too high Temp
2022-03-25 15:45:37,961-root-WARNING-Too high Temp
2022-03-25 15:45:37,961-root-WARNING-Too high Temp
2022-03-25 15:45:38,127-root-WARNING-Too high Temp
2022-03-25 15:45:38,127-root-WARNING-Too high Temp
2022-03-25 15:45:38,322-root-WARNING-Too high Temp
2022-03-25 15:45:38,323-root-WARNING-Too high Temp
2022-03-25 15:45:38,504-root-WARNING-Too high Temp
2022-03-25 15:45:38,504-root-WARNING-Too high Temp
2022-03-25 15:45:38,655-root-WARNING-Too high Temp
2022-03-25 15:45:38,655-root-WARNING-Too high Temp
2022-03-25 15:45:38,826-root-WARNING-Too high Temp
2022-03-25 15:45:38,826-root-WARNING-Too high Temp
2022-03-25 15:45:38,967-root-WARNING-Too high Temp
2022-03-25 15:45:38,968-root-WARNING-Too high Temp
2022-03-25 15:45:39,126-root-WARNING-Too high Temp
2022-03-25 15:45:39,126-root-WARNING-Too high Temp
2022-03-25 15:45:39,300-root-WARNING-Too high Temp
2022-03-25 15:45:39,301-root-WARNING-Too high Temp
2022-03-25 15:45:39,460-root-WARNING-Too high Temp
2022-03-25 15:45:39,460-root-WARNING-Too high Temp
2022-03-25 15:45:39,625-root-WARNING-Too high Temp
2022-03-25 15:45:39,626-root-WARNING-Too high Temp
2022-03-25 15:45:39,793-root-WARNING-Too high Temp
2022-03-25 15:45:39,794-root-WARNING-Too high Temp
2022-03-25 15:45:40,016-root-WARNING-Too high Temp
2022-03-25 15:45:40,017-root-WARNING-Too high Temp
2022-03-25 15:45:40,171-root-WARNING-Too high Temp
2022-03-25 15:45:40,172-root-WARNING-Too high Temp
2022-03-25 15:45:40,317-root-WARNING-Too high Temp
2022-03-25 15:45:40,318-root-WARNING-Too high Temp
2022-03-25 15:45:40,460-root-WARNING-Too high Temp
2022-03-25 15:45:40,461-root-WARNING-Too high Temp
2022-03-25 15:45:40,625-root-WARNING-Too high Temp
2022-03-25 15:45:40,625-root-WARNING-Too high Temp
2022-03-25 15:45:40,799-root-WARNING-Too high Temp
2022-03-25 15:45:40,799-root-WARNING-Too high Temp
2022-03-25 15:45:40,958-root-WARNING-Too high Temp
2022-03-25 15:45:40,959-root-WARNING-Too high Temp
2022-03-25 15:45:41,094-root-INFO-Temp : 90.52 RPM : 0
2022-03-25 15:45:41,094-root-INFO-Temp : 90.52 RPM : 0
2022-03-25 15:45:41,127-root-WARNING-Too high Temp
2022-03-25 15:45:41,127-root-WARNING-Too high Temp
2022-03-25 15:45:41,292-root-WARNING-Too high Temp
2022-03-25 15:45:41,292-root-WARNING-Too high Temp
2022-03-25 15:45:41,459-root-WARNING-Too high Temp
2022-03-25 15:45:41,459-root-WARNING-Too high Temp
2022-03-25 15:45:41,631-root-WARNING-Too high Temp
2022-03-25 15:45:41,632-root-WARNING-Too high Temp
2022-03-25 15:45:41,797-root-WARNING-Too high Temp
2022-03-25 15:45:41,797-root-WARNING-Too high Temp
2022-03-25 15:45:41,961-root-WARNING-Too high Temp
2022-03-25 15:45:41,962-root-WARNING-Too high Temp
2022-03-25 15:45:42,126-root-WARNING-Too high Temp
2022-03-25 15:45:42,126-root-WARNING-Too high Temp
2022-03-25 15:45:42,292-root-WARNING-Too high Temp
2022-03-25 15:45:42,292-root-WARNING-Too high Temp
2022-03-25 15:45:42,459-root-WARNING-Too high Temp
2022-03-25 15:45:42,460-root-WARNING-Too high Temp
2022-03-25 15:45:42,625-root-WARNING-Too high Temp
2022-03-25 15:45:42,625-root-WARNING-Too high Temp
2022-03-25 15:45:42,792-root-WARNING-Too high Temp
2022-03-25 15:45:42,793-root-WARNING-Too high Temp
2022-03-25 15:45:42,958-root-WARNING-Too high Temp
2022-03-25 15:45:42,958-root-WARNING-Too high Temp
2022-03-25 15:45:43,128-root-WARNING-Too high Temp
2022-03-25 15:45:43,129-root-WARNING-Too high Temp
2022-03-25 15:45:43,298-root-WARNING-Too high Temp
2022-03-25 15:45:43,298-root-WARNING-Too high Temp
2022-03-25 15:45:43,509-root-WARNING-Too high Temp
2022-03-25 15:45:43,510-root-WARNING-Too high Temp
2022-03-25 15:45:43,664-root-WARNING-Too high Temp
2022-03-25 15:45:43,668-root-WARNING-Too high Temp
2022-03-25 15:45:43,851-root-WARNING-Too high Temp
2022-03-25 15:45:43,852-root-WARNING-Too high Temp
2022-03-25 15:45:44,013-root-WARNING-Too high Temp
2022-03-25 15:45:44,013-root-WARNING-Too high Temp
2022-03-25 15:45:44,168-root-WARNING-Too high Temp
2022-03-25 15:45:44,168-root-WARNING-Too high Temp
2022-03-25 15:45:44,313-root-WARNING-Too high Temp
2022-03-25 15:45:44,313-root-WARNING-Too high Temp
2022-03-25 15:45:44,426-root-INFO-Temp : 90.53 RPM : 0
2022-03-25 15:45:44,427-root-INFO-Temp : 90.53 RPM : 0
2022-03-25 15:45:44,459-root-WARNING-Too high Temp
2022-03-25 15:45:44,459-root-WARNING-Too high Temp
2022-03-25 15:45:44,624-root-WARNING-Too high Temp
2022-03-25 15:45:44,624-root-WARNING-Too high Temp
2022-03-25 15:45:44,797-root-WARNING-Too high Temp
2022-03-25 15:45:44,797-root-WARNING-Too high Temp
2022-03-25 15:45:44,975-root-WARNING-Too high Temp
2022-03-25 15:45:44,977-root-WARNING-Too high Temp
2022-03-25 15:45:45,135-root-WARNING-Too high Temp
2022-03-25 15:45:45,135-root-WARNING-Too high Temp
2022-03-25 15:45:45,296-root-WARNING-Too high Temp
2022-03-25 15:45:45,297-root-WARNING-Too high Temp
2022-03-25 15:45:45,461-root-WARNING-Too high Temp
2022-03-25 15:45:45,461-root-WARNING-Too high Temp
2022-03-25 15:45:45,626-root-WARNING-Too high Temp
2022-03-25 15:45:45,627-root-WARNING-Too high Temp
2022-03-25 15:45:45,804-root-WARNING-Too high Temp
2022-03-25 15:45:45,804-root-WARNING-Too high Temp
2022-03-25 15:45:45,962-root-WARNING-Too high Temp
2022-03-25 15:45:45,962-root-WARNING-Too high Temp
2022-03-25 15:45:46,125-root-WARNING-Too high Temp
2022-03-25 15:45:46,126-root-WARNING-Too high Temp
2022-03-25 15:45:46,291-root-WARNING-Too high Temp
2022-03-25 15:45:46,291-root-WARNING-Too high Temp
2022-03-25 15:45:46,458-root-WARNING-Too high Temp
2022-03-25 15:45:46,459-root-WARNING-Too high Temp
2022-03-25 15:45:46,641-root-WARNING-Too high Temp
2022-03-25 15:45:46,642-root-WARNING-Too high Temp
2022-03-25 15:45:46,928-root-WARNING-Too high Temp
2022-03-25 15:45:46,928-root-WARNING-Too high Temp
2022-03-25 15:45:47,067-root-WARNING-Too high Temp
2022-03-25 15:45:47,067-root-WARNING-Too high Temp
2022-03-25 15:45:47,206-root-WARNING-Too high Temp
2022-03-25 15:45:47,206-root-WARNING-Too high Temp
2022-03-25 15:45:47,342-root-WARNING-Too high Temp
2022-03-25 15:45:47,343-root-WARNING-Too high Temp
2022-03-25 15:45:47,502-root-WARNING-Too high Temp
2022-03-25 15:45:47,502-root-WARNING-Too high Temp
2022-03-25 15:45:47,640-root-WARNING-Too high Temp
2022-03-25 15:45:47,640-root-WARNING-Too high Temp
2022-03-25 15:45:47,757-root-INFO-Temp : 90.51 RPM : 0
2022-03-25 15:45:47,758-root-INFO-Temp : 90.51 RPM : 0
2022-03-25 15:45:47,790-root-WARNING-Too high Temp
2022-03-25 15:45:47,791-root-WARNING-Too high Temp
2022-03-25 15:45:47,991-werkzeug-INFO-172.30.1.24 - - [25/Mar/2022 15:45:47] "[37mGET / HTTP/1.1[0m" 200 -
2022-03-25 15:45:47,999-root-WARNING-Too high Temp
2022-03-25 15:45:47,999-root-WARNING-Too high Temp
2022-03-25 15:45:48,194-root-WARNING-Too high Temp
2022-03-25 15:45:48,194-root-WARNING-Too high Temp
2022-03-25 15:45:48,267-werkzeug-INFO-172.30.1.24 - - [25/Mar/2022 15:45:48] "[37mGET /video HTTP/1.1[0m" 200 -
2022-03-25 15:45:48,404-root-WARNING-Too high Temp
2022-03-25 15:45:48,405-root-WARNING-Too high Temp
2022-03-25 15:45:48,622-werkzeug-INFO-172.30.1.24 - - [25/Mar/2022 15:45:48] "[33mGET /favicon.ico HTTP/1.1[0m" 404 -
2022-03-25 15:45:48,666-root-WARNING-Too high Temp
2022-03-25 15:45:48,666-root-WARNING-Too high Temp
2022-03-25 15:45:48,921-root-WARNING-Too high Temp
2022-03-25 15:45:48,923-root-WARNING-Too high Temp
2022-03-25 15:45:49,215-root-WARNING-Too high Temp
2022-03-25 15:45:49,216-root-WARNING-Too high Temp
2022-03-25 15:45:49,485-root-WARNING-Too high Temp
2022-03-25 15:45:49,486-root-WARNING-Too high Temp
2022-03-25 15:45:49,727-root-WARNING-Too high Temp
2022-03-25 15:45:49,730-root-WARNING-Too high Temp
2022-03-25 15:45:50,029-root-WARNING-Too high Temp
2022-03-25 15:45:50,030-root-WARNING-Too high Temp
2022-03-25 15:45:50,338-root-WARNING-Too high Temp
2022-03-25 15:45:50,338-root-WARNING-Too high Temp
2022-03-25 15:45:50,622-root-WARNING-Too high Temp
2022-03-25 15:45:50,623-root-WARNING-Too high Temp
2022-03-25 15:45:50,943-root-WARNING-Too high Temp
2022-03-25 15:45:50,944-root-WARNING-Too high Temp
2022-03-25 15:45:51,254-root-WARNING-Too high Temp
2022-03-25 15:45:51,255-root-WARNING-Too high Temp
2022-03-25 15:45:51,530-root-WARNING-Too high Temp
2022-03-25 15:45:51,539-root-WARNING-Too high Temp
2022-03-25 15:45:51,771-root-WARNING-Too high Temp
2022-03-25 15:45:51,772-root-WARNING-Too high Temp
2022-03-25 15:45:52,001-root-WARNING-Too high Temp
2022-03-25 15:45:52,002-root-WARNING-Too high Temp
2022-03-25 15:45:52,236-root-WARNING-Too high Temp
2022-03-25 15:45:52,237-root-WARNING-Too high Temp
2022-03-25 15:45:52,501-root-WARNING-Too high Temp
2022-03-25 15:45:52,501-root-WARNING-Too high Temp
2022-03-25 15:45:52,751-root-WARNING-Too high Temp
2022-03-25 15:45:52,751-root-WARNING-Too high Temp
2022-03-25 15:45:52,946-root-INFO-Temp : 90.51 RPM : 0
2022-03-25 15:45:52,946-root-INFO-Temp : 90.51 RPM : 0
2022-03-25 15:45:52,991-root-WARNING-Too high Temp
2022-03-25 15:45:52,992-root-WARNING-Too high Temp
2022-03-25 15:45:53,230-root-WARNING-Too high Temp
2022-03-25 15:45:53,232-root-WARNING-Too high Temp
2022-03-25 15:45:53,541-root-WARNING-Too high Temp
2022-03-25 15:45:53,542-root-WARNING-Too high Temp
2022-03-25 15:45:53,801-root-WARNING-Too high Temp
2022-03-25 15:45:53,801-root-WARNING-Too high Temp
2022-03-25 15:45:54,039-root-WARNING-Too high Temp
2022-03-25 15:45:54,041-root-WARNING-Too high Temp
2022-03-25 15:45:54,284-root-WARNING-Too high Temp
2022-03-25 15:45:54,287-root-WARNING-Too high Temp
2022-03-25 15:45:54,549-root-WARNING-Too high Temp
2022-03-25 15:45:54,550-root-WARNING-Too high Temp
2022-03-25 15:45:54,823-root-WARNING-Too high Temp
2022-03-25 15:45:54,823-root-WARNING-Too high Temp
2022-03-25 15:45:55,059-root-WARNING-Too high Temp
2022-03-25 15:45:55,060-root-WARNING-Too high Temp
2022-03-25 15:45:55,326-root-WARNING-Too high Temp
2022-03-25 15:45:55,327-root-WARNING-Too high Temp
2022-03-25 15:45:55,638-root-WARNING-Too high Temp
2022-03-25 15:45:55,640-root-WARNING-Too high Temp
2022-03-25 15:45:55,945-root-WARNING-Too high Temp
2022-03-25 15:45:55,946-root-WARNING-Too high Temp
2022-03-25 15:45:56,188-root-WARNING-Too high Temp
2022-03-25 15:45:56,189-root-WARNING-Too high Temp
2022-03-25 15:45:56,444-root-WARNING-Too high Temp
2022-03-25 15:45:56,445-root-WARNING-Too high Temp
2022-03-25 15:45:56,731-root-WARNING-Too high Temp
2022-03-25 15:45:56,732-root-WARNING-Too high Temp
2022-03-25 15:45:56,988-root-WARNING-Too high Temp
2022-03-25 15:45:56,995-root-WARNING-Too high Temp
2022-03-25 15:45:57,274-root-WARNING-Too high Temp
2022-03-25 15:45:57,277-root-WARNING-Too high Temp
2022-03-25 15:45:57,533-root-WARNING-Too high Temp
2022-03-25 15:45:57,534-root-WARNING-Too high Temp
2022-03-25 15:45:57,847-root-WARNING-Too high Temp
2022-03-25 15:45:57,848-root-WARNING-Too high Temp
2022-03-25 15:45:58,144-root-WARNING-Too high Temp
2022-03-25 15:45:58,144-root-WARNING-Too high Temp
2022-03-25 15:45:58,372-root-INFO-Temp : 90.52 RPM : 0
2022-03-25 15:45:58,373-root-INFO-Temp : 90.52 RPM : 0
2022-03-25 15:45:58,438-root-WARNING-Too high Temp
2022-03-25 15:45:58,439-root-WARNING-Too high Temp
2022-03-25 15:45:58,721-root-WARNING-Too high Temp
2022-03-25 15:45:58,721-root-WARNING-Too high Temp
2022-03-25 15:45:59,023-root-WARNING-Too high Temp
2022-03-25 15:45:59,024-root-WARNING-Too high Temp
2022-03-25 15:45:59,281-root-WARNING-Too high Temp
2022-03-25 15:45:59,282-root-WARNING-Too high Temp
2022-03-25 15:45:59,575-root-WARNING-Too high Temp
2022-03-25 15:45:59,576-root-WARNING-Too high Temp
2022-03-25 15:45:59,858-root-WARNING-Too high Temp
2022-03-25 15:45:59,858-root-WARNING-Too high Temp
2022-03-25 15:46:00,117-root-WARNING-Too high Temp
2022-03-25 15:46:00,122-root-WARNING-Too high Temp
2022-03-25 15:46:00,374-root-WARNING-Too high Temp
2022-03-25 15:46:00,375-root-WARNING-Too high Temp
2022-03-25 15:46:00,640-root-WARNING-Too high Temp
2022-03-25 15:46:00,641-root-WARNING-Too high Temp
2022-03-25 15:46:00,924-root-WARNING-Too high Temp
2022-03-25 15:46:00,925-root-WARNING-Too high Temp
2022-03-25 15:46:01,184-root-WARNING-Too high Temp
2022-03-25 15:46:01,185-root-WARNING-Too high Temp
2022-03-25 15:46:01,448-root-WARNING-Too high Temp
2022-03-25 15:46:01,448-root-WARNING-Too high Temp
2022-03-25 15:46:01,687-root-WARNING-Too high Temp
2022-03-25 15:46:01,688-root-WARNING-Too high Temp
2022-03-25 15:46:01,953-root-WARNING-Too high Temp
2022-03-25 15:46:01,954-root-WARNING-Too high Temp
2022-03-25 15:46:02,281-root-WARNING-Too high Temp
2022-03-25 15:46:02,282-root-WARNING-Too high Temp
2022-03-25 15:46:02,528-root-WARNING-Too high Temp
2022-03-25 15:46:02,529-root-WARNING-Too high Temp
2022-03-25 15:46:02,701-root-WARNING-Too high Temp
2022-03-25 15:46:02,702-root-WARNING-Too high Temp
2022-03-25 15:46:02,879-root-WARNING-Too high Temp
2022-03-25 15:46:02,879-root-WARNING-Too high Temp
2022-03-25 15:46:03,027-root-WARNING-Too high Temp
2022-03-25 15:46:03,028-root-WARNING-Too high Temp
2022-03-25 15:46:03,178-root-WARNING-Too high Temp
2022-03-25 15:46:03,179-root-WARNING-Too high Temp
2022-03-25 15:46:03,299-root-INFO-Temp : 90.5 RPM : 0
2022-03-25 15:46:03,299-root-INFO-Temp : 90.5 RPM : 0
2022-03-25 15:46:03,327-root-WARNING-Too high Temp
2022-03-25 15:46:03,328-root-WARNING-Too high Temp
2022-03-25 15:46:03,469-root-WARNING-Too high Temp
2022-03-25 15:46:03,469-root-WARNING-Too high Temp
2022-03-25 15:46:03,614-root-WARNING-Too high Temp
2022-03-25 15:46:03,615-root-WARNING-Too high Temp
2022-03-25 15:46:03,756-root-WARNING-Too high Temp
2022-03-25 15:46:03,757-root-WARNING-Too high Temp
2022-03-25 15:46:03,898-root-WARNING-Too high Temp
2022-03-25 15:46:03,898-root-WARNING-Too high Temp
2022-03-25 15:46:04,054-root-WARNING-Too high Temp
2022-03-25 15:46:04,054-root-WARNING-Too high Temp
2022-03-25 15:46:04,220-root-WARNING-Too high Temp
2022-03-25 15:46:04,221-root-WARNING-Too high Temp
2022-03-25 15:46:04,388-root-WARNING-Too high Temp
2022-03-25 15:46:04,389-root-WARNING-Too high Temp
2022-03-25 15:46:04,558-root-WARNING-Too high Temp
2022-03-25 15:46:04,558-root-WARNING-Too high Temp
2022-03-25 15:46:04,724-root-WARNING-Too high Temp
2022-03-25 15:46:04,725-root-WARNING-Too high Temp
2022-03-25 15:46:04,892-root-WARNING-Too high Temp
2022-03-25 15:46:04,893-root-WARNING-Too high Temp
2022-03-25 15:46:05,058-root-WARNING-Too high Temp
2022-03-25 15:46:05,058-root-WARNING-Too high Temp
2022-03-25 15:46:05,225-root-WARNING-Too high Temp
2022-03-25 15:46:05,225-root-WARNING-Too high Temp
2022-03-25 15:46:05,391-root-WARNING-Too high Temp
2022-03-25 15:46:05,391-root-WARNING-Too high Temp
2022-03-25 15:46:05,558-root-WARNING-Too high Temp
2022-03-25 15:46:05,558-root-WARNING-Too high Temp
2022-03-25 15:46:05,724-root-WARNING-Too high Temp
2022-03-25 15:46:05,725-root-WARNING-Too high Temp
2022-03-25 15:46:05,891-root-WARNING-Too high Temp
2022-03-25 15:46:05,892-root-WARNING-Too high Temp
2022-03-25 15:46:06,058-root-WARNING-Too high Temp
2022-03-25 15:46:06,058-root-WARNING-Too high Temp
2022-03-25 15:46:06,224-root-WARNING-Too high Temp
2022-03-25 15:46:06,224-root-WARNING-Too high Temp
2022-03-25 15:46:06,391-root-WARNING-Too high Temp
2022-03-25 15:46:06,391-root-WARNING-Too high Temp
2022-03-25 15:46:06,525-root-INFO-Temp : 90.51 RPM : 0
2022-03-25 15:46:06,525-root-INFO-Temp : 90.51 RPM : 0
2022-03-25 15:46:06,558-root-WARNING-Too high Temp
2022-03-25 15:46:06,558-root-WARNING-Too high Temp
2022-03-25 15:46:06,725-root-WARNING-Too high Temp
2022-03-25 15:46:06,725-root-WARNING-Too high Temp
2022-03-25 15:46:06,891-root-WARNING-Too high Temp
2022-03-25 15:46:06,892-root-WARNING-Too high Temp
2022-03-25 15:46:07,056-root-WARNING-Too high Temp
2022-03-25 15:46:07,056-root-WARNING-Too high Temp
2022-03-25 15:46:07,220-root-WARNING-Too high Temp
2022-03-25 15:46:07,220-root-WARNING-Too high Temp
2022-03-25 15:46:07,386-root-WARNING-Too high Temp
2022-03-25 15:46:07,386-root-WARNING-Too high Temp
2022-03-25 15:46:07,553-root-WARNING-Too high Temp
2022-03-25 15:46:07,554-root-WARNING-Too high Temp
2022-03-25 15:46:07,720-root-WARNING-Too high Temp
2022-03-25 15:46:07,720-root-WARNING-Too high Temp
2022-03-25 15:46:07,886-root-WARNING-Too high Temp
2022-03-25 15:46:07,886-root-WARNING-Too high Temp
2022-03-25 15:46:08,053-root-WARNING-Too high Temp
2022-03-25 15:46:08,053-root-WARNING-Too high Temp
2022-03-25 15:46:08,220-root-WARNING-Too high Temp
2022-03-25 15:46:08,220-root-WARNING-Too high Temp
2022-03-25 15:46:08,386-root-WARNING-Too high Temp
2022-03-25 15:46:08,387-root-WARNING-Too high Temp
2022-03-25 15:46:08,555-root-WARNING-Too high Temp
2022-03-25 15:46:08,556-root-WARNING-Too high Temp
2022-03-25 15:46:08,720-root-WARNING-Too high Temp
2022-03-25 15:46:08,720-root-WARNING-Too high Temp
2022-03-25 15:46:08,886-root-WARNING-Too high Temp
2022-03-25 15:46:08,886-root-WARNING-Too high Temp
2022-03-25 15:46:09,055-root-WARNING-Too high Temp
2022-03-25 15:46:09,055-root-WARNING-Too high Temp
2022-03-25 15:46:09,220-root-WARNING-Too high Temp
2022-03-25 15:46:09,220-root-WARNING-Too high Temp
2022-03-25 15:46:09,392-root-WARNING-Too high Temp
2022-03-25 15:46:09,392-root-WARNING-Too high Temp
2022-03-25 15:46:09,553-root-WARNING-Too high Temp
2022-03-25 15:46:09,553-root-WARNING-Too high Temp
2022-03-25 15:46:09,720-root-WARNING-Too high Temp
2022-03-25 15:46:09,721-root-WARNING-Too high Temp
2022-03-25 15:46:09,854-root-INFO-Temp : 90.51 RPM : 0
2022-03-25 15:46:09,854-root-INFO-Temp : 90.51 RPM : 0
2022-03-25 15:46:09,886-root-WARNING-Too high Temp
2022-03-25 15:46:09,886-root-WARNING-Too high Temp
2022-03-25 15:46:10,055-root-WARNING-Too high Temp
2022-03-25 15:46:10,056-root-WARNING-Too high Temp
2022-03-25 15:46:10,225-root-WARNING-Too high Temp
2022-03-25 15:46:10,226-root-WARNING-Too high Temp
2022-03-25 15:46:10,400-root-WARNING-Too high Temp
2022-03-25 15:46:10,400-root-WARNING-Too high Temp
2022-03-25 15:46:10,553-root-WARNING-Too high Temp
2022-03-25 15:46:10,553-root-WARNING-Too high Temp
2022-03-25 15:46:10,719-root-WARNING-Too high Temp
2022-03-25 15:46:10,719-root-WARNING-Too high Temp
2022-03-25 15:46:10,887-root-WARNING-Too high Temp
2022-03-25 15:46:10,887-root-WARNING-Too high Temp
2022-03-25 15:46:11,054-root-WARNING-Too high Temp
2022-03-25 15:46:11,054-root-WARNING-Too high Temp
2022-03-25 15:46:11,231-root-WARNING-Too high Temp
2022-03-25 15:46:11,232-root-WARNING-Too high Temp
2022-03-25 15:46:11,386-root-WARNING-Too high Temp
2022-03-25 15:46:11,386-root-WARNING-Too high Temp
2022-03-25 15:46:11,556-root-WARNING-Too high Temp
2022-03-25 15:46:11,557-root-WARNING-Too high Temp
2022-03-25 15:46:11,725-root-WARNING-Too high Temp
2022-03-25 15:46:11,726-root-WARNING-Too high Temp
2022-03-25 15:46:11,886-root-WARNING-Too high Temp
2022-03-25 15:46:11,886-root-WARNING-Too high Temp
2022-03-25 15:46:12,057-root-WARNING-Too high Temp
2022-03-25 15:46:12,058-root-WARNING-Too high Temp
2022-03-25 15:46:12,229-root-WARNING-Too high Temp
2022-03-25 15:46:12,230-root-WARNING-Too high Temp
2022-03-25 15:46:12,386-root-WARNING-Too high Temp
2022-03-25 15:46:12,386-root-WARNING-Too high Temp
2022-03-25 15:46:12,554-root-WARNING-Too high Temp
2022-03-25 15:46:12,555-root-WARNING-Too high Temp
2022-03-25 15:46:12,719-root-WARNING-Too high Temp
2022-03-25 15:46:12,719-root-WARNING-Too high Temp
2022-03-25 15:46:12,885-root-WARNING-Too high Temp
2022-03-25 15:46:12,890-root-WARNING-Too high Temp
2022-03-25 15:46:13,059-root-WARNING-Too high Temp
2022-03-25 15:46:13,060-root-WARNING-Too high Temp
2022-03-25 15:46:13,186-root-INFO-Temp : 90.51 RPM : 0
2022-03-25 15:46:13,186-root-INFO-Temp : 90.51 RPM : 0
2022-03-25 15:46:13,219-root-WARNING-Too high Temp
2022-03-25 15:46:13,219-root-WARNING-Too high Temp
2022-03-25 15:46:13,390-root-WARNING-Too high Temp
2022-03-25 15:46:13,391-root-WARNING-Too high Temp
2022-03-25 15:46:13,555-root-WARNING-Too high Temp
2022-03-25 15:46:13,556-root-WARNING-Too high Temp
2022-03-25 15:46:13,720-root-WARNING-Too high Temp
2022-03-25 15:46:13,721-root-WARNING-Too high Temp
2022-03-25 15:46:13,894-root-WARNING-Too high Temp
2022-03-25 15:46:13,895-root-WARNING-Too high Temp
2022-03-25 15:46:14,053-root-WARNING-Too high Temp
2022-03-25 15:46:14,053-root-WARNING-Too high Temp
2022-03-25 15:46:14,220-root-WARNING-Too high Temp
2022-03-25 15:46:14,221-root-WARNING-Too high Temp
2022-03-25 15:46:14,386-root-WARNING-Too high Temp
2022-03-25 15:46:14,387-root-WARNING-Too high Temp
2022-03-25 15:46:14,552-root-WARNING-Too high Temp
2022-03-25 15:46:14,552-root-WARNING-Too high Temp
2022-03-25 15:46:14,726-root-WARNING-Too high Temp
2022-03-25 15:46:14,727-root-WARNING-Too high Temp
2022-03-25 15:46:14,889-root-WARNING-Too high Temp
2022-03-25 15:46:14,889-root-WARNING-Too high Temp
2022-03-25 15:46:15,052-root-WARNING-Too high Temp
2022-03-25 15:46:15,052-root-WARNING-Too high Temp
2022-03-25 15:46:15,219-root-WARNING-Too high Temp
2022-03-25 15:46:15,219-root-WARNING-Too high Temp
2022-03-25 15:46:15,384-root-WARNING-Too high Temp
2022-03-25 15:46:15,385-root-WARNING-Too high Temp
2022-03-25 15:46:15,552-root-WARNING-Too high Temp
2022-03-25 15:46:15,552-root-WARNING-Too high Temp
2022-03-25 15:46:15,724-root-WARNING-Too high Temp
2022-03-25 15:46:15,724-root-WARNING-Too high Temp
2022-03-25 15:46:15,885-root-WARNING-Too high Temp
2022-03-25 15:46:15,885-root-WARNING-Too high Temp
2022-03-25 15:46:16,053-root-WARNING-Too high Temp
2022-03-25 15:46:16,054-root-WARNING-Too high Temp
2022-03-25 15:46:16,219-root-WARNING-Too high Temp
2022-03-25 15:46:16,219-root-WARNING-Too high Temp
2022-03-25 15:46:16,386-root-WARNING-Too high Temp
2022-03-25 15:46:16,386-root-WARNING-Too high Temp
2022-03-25 15:46:16,524-root-INFO-Temp : 90.51 RPM : 0
2022-03-25 15:46:16,526-root-INFO-Temp : 90.51 RPM : 0
2022-03-25 15:46:16,554-root-WARNING-Too high Temp
2022-03-25 15:46:16,555-root-WARNING-Too high Temp
2022-03-25 15:46:16,719-root-WARNING-Too high Temp
2022-03-25 15:46:16,719-root-WARNING-Too high Temp
2022-03-25 15:46:16,886-root-WARNING-Too high Temp
2022-03-25 15:46:16,887-root-WARNING-Too high Temp
2022-03-25 15:46:17,082-root-WARNING-Too high Temp
2022-03-25 15:46:17,082-root-WARNING-Too high Temp
2022-03-25 15:46:17,220-root-WARNING-Too high Temp
2022-03-25 15:46:17,220-root-WARNING-Too high Temp
2022-03-25 15:46:17,388-root-WARNING-Too high Temp
2022-03-25 15:46:17,389-root-WARNING-Too high Temp
2022-03-25 15:46:17,555-root-WARNING-Too high Temp
2022-03-25 15:46:17,555-root-WARNING-Too high Temp
2022-03-25 15:46:17,726-root-WARNING-Too high Temp
2022-03-25 15:46:17,726-root-WARNING-Too high Temp
2022-03-25 15:46:17,884-root-WARNING-Too high Temp
2022-03-25 15:46:17,889-root-WARNING-Too high Temp
2022-03-25 15:46:18,051-root-WARNING-Too high Temp
2022-03-25 15:46:18,051-root-WARNING-Too high Temp
2022-03-25 15:46:18,217-root-WARNING-Too high Temp
2022-03-25 15:46:18,218-root-WARNING-Too high Temp
2022-03-25 15:46:18,385-root-WARNING-Too high Temp
2022-03-25 15:46:18,385-root-WARNING-Too high Temp
2022-03-25 15:46:18,558-root-WARNING-Too high Temp
2022-03-25 15:46:18,558-root-WARNING-Too high Temp
2022-03-25 15:46:18,717-root-WARNING-Too high Temp
2022-03-25 15:46:18,718-root-WARNING-Too high Temp
2022-03-25 15:46:18,885-root-WARNING-Too high Temp
2022-03-25 15:46:18,885-root-WARNING-Too high Temp
2022-03-25 15:46:19,052-root-WARNING-Too high Temp
2022-03-25 15:46:19,052-root-WARNING-Too high Temp
2022-03-25 15:46:19,220-root-WARNING-Too high Temp
2022-03-25 15:46:19,220-root-WARNING-Too high Temp
2022-03-25 15:46:19,390-root-WARNING-Too high Temp
2022-03-25 15:46:19,390-root-WARNING-Too high Temp
2022-03-25 15:46:19,552-root-WARNING-Too high Temp
2022-03-25 15:46:19,552-root-WARNING-Too high Temp
2022-03-25 15:46:19,718-root-WARNING-Too high Temp
2022-03-25 15:46:19,718-root-WARNING-Too high Temp
2022-03-25 15:46:19,852-root-INFO-Temp : 57.03 RPM : 0
2022-03-25 15:46:19,852-root-INFO-Temp : 57.03 RPM : 0
2022-03-25 15:46:19,884-root-WARNING-Too high Temp
2022-03-25 15:46:19,885-root-WARNING-Too high Temp
2022-03-25 15:46:20,055-root-WARNING-Too high Temp
2022-03-25 15:46:20,055-root-WARNING-Too high Temp
2022-03-25 15:46:20,218-root-WARNING-Too high Temp
2022-03-25 15:46:20,218-root-WARNING-Too high Temp
2022-03-25 15:46:20,385-root-WARNING-Too high Temp
2022-03-25 15:46:20,385-root-WARNING-Too high Temp
2022-03-25 15:46:20,551-root-WARNING-Too high Temp
2022-03-25 15:46:20,552-root-WARNING-Too high Temp
2022-03-25 15:46:20,718-root-WARNING-Too high Temp
2022-03-25 15:46:20,718-root-WARNING-Too high Temp
2022-03-25 15:46:20,892-root-WARNING-Too high Temp
2022-03-25 15:46:20,892-root-WARNING-Too high Temp
2022-03-25 15:46:21,055-root-WARNING-Too high Temp
2022-03-25 15:46:21,056-root-WARNING-Too high Temp
2022-03-25 15:46:21,218-root-WARNING-Too high Temp
2022-03-25 15:46:21,218-root-WARNING-Too high Temp
2022-03-25 15:46:21,384-root-WARNING-Too high Temp
2022-03-25 15:46:21,384-root-WARNING-Too high Temp
2022-03-25 15:46:21,551-root-WARNING-Too high Temp
2022-03-25 15:46:21,552-root-WARNING-Too high Temp
2022-03-25 15:46:21,717-root-WARNING-Too high Temp
2022-03-25 15:46:21,718-root-WARNING-Too high Temp
2022-03-25 15:46:21,890-root-WARNING-Too high Temp
2022-03-25 15:46:21,890-root-WARNING-Too high Temp
2022-03-25 15:46:22,051-root-WARNING-Too high Temp
2022-03-25 15:46:22,051-root-WARNING-Too high Temp
2022-03-25 15:46:22,217-root-WARNING-Too high Temp
2022-03-25 15:46:22,218-root-WARNING-Too high Temp
2022-03-25 15:46:22,384-root-WARNING-Too high Temp
2022-03-25 15:46:22,384-root-WARNING-Too high Temp
2022-03-25 15:46:22,551-root-WARNING-Too high Temp
2022-03-25 15:46:22,552-root-WARNING-Too high Temp
2022-03-25 15:46:22,718-root-WARNING-Too high Temp
2022-03-25 15:46:22,718-root-WARNING-Too high Temp
2022-03-25 15:46:22,884-root-WARNING-Too high Temp
2022-03-25 15:46:22,884-root-WARNING-Too high Temp
2022-03-25 15:46:23,051-root-WARNING-Too high Temp
2022-03-25 15:46:23,051-root-WARNING-Too high Temp
2022-03-25 15:46:23,185-root-INFO-Temp : 55.6 RPM : 0
2022-03-25 15:46:23,186-root-INFO-Temp : 55.6 RPM : 0
2022-03-25 15:46:23,218-root-WARNING-Too high Temp
2022-03-25 15:46:23,218-root-WARNING-Too high Temp
2022-03-25 15:46:23,387-root-WARNING-Too high Temp
2022-03-25 15:46:23,388-root-WARNING-Too high Temp
2022-03-25 15:46:23,551-root-WARNING-Too high Temp
2022-03-25 15:46:23,551-root-WARNING-Too high Temp
2022-03-25 15:46:23,717-root-WARNING-Too high Temp
2022-03-25 15:46:23,717-root-WARNING-Too high Temp
2022-03-25 15:46:23,884-root-WARNING-Too high Temp
2022-03-25 15:46:23,884-root-WARNING-Too high Temp
2022-03-25 15:46:24,050-root-WARNING-Too high Temp
2022-03-25 15:46:24,051-root-WARNING-Too high Temp
2022-03-25 15:46:24,222-root-WARNING-Too high Temp
2022-03-25 15:46:24,223-root-WARNING-Too high Temp
2022-03-25 15:46:24,387-root-WARNING-Too high Temp
2022-03-25 15:46:24,388-root-WARNING-Too high Temp
2022-03-25 15:46:24,554-root-WARNING-Too high Temp
2022-03-25 15:46:24,554-root-WARNING-Too high Temp
2022-03-25 15:46:24,716-root-WARNING-Too high Temp
2022-03-25 15:46:24,716-root-WARNING-Too high Temp
2022-03-25 15:46:24,882-root-WARNING-Too high Temp
2022-03-25 15:46:24,883-root-WARNING-Too high Temp
2022-03-25 15:46:25,050-root-WARNING-Too high Temp
2022-03-25 15:46:25,050-root-WARNING-Too high Temp
2022-03-25 15:46:25,216-root-WARNING-Too high Temp
2022-03-25 15:46:25,217-root-WARNING-Too high Temp
2022-03-25 15:46:25,388-root-WARNING-Too high Temp
2022-03-25 15:46:25,388-root-WARNING-Too high Temp
2022-03-25 15:46:25,550-root-WARNING-Too high Temp
2022-03-25 15:46:25,550-root-WARNING-Too high Temp
2022-03-25 15:46:25,715-root-WARNING-Too high Temp
2022-03-25 15:46:25,716-root-WARNING-Too high Temp
2022-03-25 15:46:25,883-root-WARNING-Too high Temp
2022-03-25 15:46:25,883-root-WARNING-Too high Temp
2022-03-25 15:46:26,050-root-WARNING-Too high Temp
2022-03-25 15:46:26,050-root-WARNING-Too high Temp
2022-03-25 15:46:26,219-root-WARNING-Too high Temp
2022-03-25 15:46:26,220-root-WARNING-Too high Temp
2022-03-25 15:46:26,383-root-WARNING-Too high Temp
2022-03-25 15:46:26,383-root-WARNING-Too high Temp
2022-03-25 15:46:26,516-root-INFO-Temp : 90.52 RPM : 0
2022-03-25 15:46:26,516-root-INFO-Temp : 90.52 RPM : 0
2022-03-25 15:46:26,550-root-WARNING-Too high Temp
2022-03-25 15:46:26,550-root-WARNING-Too high Temp
2022-03-25 15:46:26,715-root-WARNING-Too high Temp
2022-03-25 15:46:26,716-root-WARNING-Too high Temp
2022-03-25 15:46:26,883-root-WARNING-Too high Temp
2022-03-25 15:46:26,883-root-WARNING-Too high Temp
2022-03-25 15:46:27,050-root-WARNING-Too high Temp
2022-03-25 15:46:27,051-root-WARNING-Too high Temp
2022-03-25 15:46:27,216-root-WARNING-Too high Temp
2022-03-25 15:46:27,216-root-WARNING-Too high Temp
2022-03-25 15:46:27,382-root-WARNING-Too high Temp
2022-03-25 15:46:27,382-root-WARNING-Too high Temp
2022-03-25 15:46:27,549-root-WARNING-Too high Temp
2022-03-25 15:46:27,549-root-WARNING-Too high Temp
2022-03-25 15:46:27,718-root-WARNING-Too high Temp
2022-03-25 15:46:27,718-root-WARNING-Too high Temp
2022-03-25 15:46:27,882-root-WARNING-Too high Temp
2022-03-25 15:46:27,886-root-WARNING-Too high Temp
2022-03-25 15:46:28,049-root-WARNING-Too high Temp
2022-03-25 15:46:28,049-root-WARNING-Too high Temp
2022-03-25 15:46:28,215-root-WARNING-Too high Temp
2022-03-25 15:46:28,216-root-WARNING-Too high Temp
2022-03-25 15:46:28,382-root-WARNING-Too high Temp
2022-03-25 15:46:28,383-root-WARNING-Too high Temp
2022-03-25 15:46:28,555-root-WARNING-Too high Temp
2022-03-25 15:46:28,556-root-WARNING-Too high Temp
2022-03-25 15:46:28,720-root-WARNING-Too high Temp
2022-03-25 15:46:28,720-root-WARNING-Too high Temp
2022-03-25 15:46:28,886-root-WARNING-Too high Temp
2022-03-25 15:46:28,887-root-WARNING-Too high Temp
2022-03-25 15:46:29,053-root-WARNING-Too high Temp
2022-03-25 15:46:29,054-root-WARNING-Too high Temp
2022-03-25 15:46:29,220-root-WARNING-Too high Temp
2022-03-25 15:46:29,220-root-WARNING-Too high Temp
2022-03-25 15:46:29,386-root-WARNING-Too high Temp
2022-03-25 15:46:29,387-root-WARNING-Too high Temp
2022-03-25 15:46:29,553-root-WARNING-Too high Temp
2022-03-25 15:46:29,553-root-WARNING-Too high Temp
2022-03-25 15:46:29,719-root-WARNING-Too high Temp
2022-03-25 15:46:29,720-root-WARNING-Too high Temp
2022-03-25 15:46:29,853-root-INFO-Temp : 90.54 RPM : 0
2022-03-25 15:46:29,853-root-INFO-Temp : 90.54 RPM : 0
2022-03-25 15:46:29,886-root-WARNING-Too high Temp
2022-03-25 15:46:29,887-root-WARNING-Too high Temp
2022-03-25 15:46:30,053-root-WARNING-Too high Temp
2022-03-25 15:46:30,053-root-WARNING-Too high Temp
2022-03-25 15:46:30,219-root-WARNING-Too high Temp
2022-03-25 15:46:30,220-root-WARNING-Too high Temp
2022-03-25 15:46:30,386-root-WARNING-Too high Temp
2022-03-25 15:46:30,387-root-WARNING-Too high Temp
2022-03-25 15:46:30,553-root-WARNING-Too high Temp
2022-03-25 15:46:30,553-root-WARNING-Too high Temp
2022-03-25 15:46:30,721-root-WARNING-Too high Temp
2022-03-25 15:46:30,721-root-WARNING-Too high Temp
2022-03-25 15:46:30,886-root-WARNING-Too high Temp
2022-03-25 15:46:30,886-root-WARNING-Too high Temp
2022-03-25 15:46:31,052-root-WARNING-Too high Temp
2022-03-25 15:46:31,053-root-WARNING-Too high Temp
2022-03-25 15:46:31,219-root-WARNING-Too high Temp
2022-03-25 15:46:31,220-root-WARNING-Too high Temp
2022-03-25 15:46:31,385-root-WARNING-Too high Temp
2022-03-25 15:46:31,386-root-WARNING-Too high Temp
2022-03-25 15:46:31,552-root-WARNING-Too high Temp
2022-03-25 15:46:31,553-root-WARNING-Too high Temp
2022-03-25 15:46:31,719-root-WARNING-Too high Temp
2022-03-25 15:46:31,719-root-WARNING-Too high Temp
2022-03-25 15:46:31,886-root-WARNING-Too high Temp
2022-03-25 15:46:31,886-root-WARNING-Too high Temp
2022-03-25 15:46:32,052-root-WARNING-Too high Temp
2022-03-25 15:46:32,053-root-WARNING-Too high Temp
2022-03-25 15:46:32,219-root-WARNING-Too high Temp
2022-03-25 15:46:32,219-root-WARNING-Too high Temp
2022-03-25 15:46:32,386-root-WARNING-Too high Temp
2022-03-25 15:46:32,386-root-WARNING-Too high Temp
2022-03-25 15:46:32,552-root-WARNING-Too high Temp
2022-03-25 15:46:32,553-root-WARNING-Too high Temp
2022-03-25 15:46:32,719-root-WARNING-Too high Temp
2022-03-25 15:46:32,719-root-WARNING-Too high Temp
2022-03-25 15:46:32,885-root-WARNING-Too high Temp
2022-03-25 15:46:32,889-root-WARNING-Too high Temp
2022-03-25 15:46:33,052-root-WARNING-Too high Temp
2022-03-25 15:46:33,053-root-WARNING-Too high Temp
2022-03-25 15:46:33,181-root-INFO-Temp : 90.54 RPM : 0
2022-03-25 15:46:33,182-root-INFO-Temp : 90.54 RPM : 0
2022-03-25 15:46:33,215-root-WARNING-Too high Temp
2022-03-25 15:46:33,215-root-WARNING-Too high Temp
2022-03-25 15:46:33,381-root-WARNING-Too high Temp
2022-03-25 15:46:33,381-root-WARNING-Too high Temp
2022-03-25 15:46:33,548-root-WARNING-Too high Temp
2022-03-25 15:46:33,548-root-WARNING-Too high Temp
2022-03-25 15:46:33,714-root-WARNING-Too high Temp
2022-03-25 15:46:33,714-root-WARNING-Too high Temp
2022-03-25 15:46:33,885-root-WARNING-Too high Temp
2022-03-25 15:46:33,885-root-WARNING-Too high Temp
2022-03-25 15:46:34,048-root-WARNING-Too high Temp
2022-03-25 15:46:34,048-root-WARNING-Too high Temp
2022-03-25 15:46:34,214-root-WARNING-Too high Temp
2022-03-25 15:46:34,215-root-WARNING-Too high Temp
2022-03-25 15:46:34,381-root-WARNING-Too high Temp
2022-03-25 15:46:34,381-root-WARNING-Too high Temp
2022-03-25 15:46:34,547-root-WARNING-Too high Temp
2022-03-25 15:46:34,548-root-WARNING-Too high Temp
2022-03-25 15:46:34,714-root-WARNING-Too high Temp
2022-03-25 15:46:34,714-root-WARNING-Too high Temp
2022-03-25 15:46:34,882-root-WARNING-Too high Temp
2022-03-25 15:46:34,883-root-WARNING-Too high Temp
2022-03-25 15:46:35,047-root-WARNING-Too high Temp
2022-03-25 15:46:35,048-root-WARNING-Too high Temp
2022-03-25 15:46:35,214-root-WARNING-Too high Temp
2022-03-25 15:46:35,214-root-WARNING-Too high Temp
2022-03-25 15:46:35,383-root-WARNING-Too high Temp
2022-03-25 15:46:35,383-root-WARNING-Too high Temp
2022-03-25 15:46:35,547-root-WARNING-Too high Temp
2022-03-25 15:46:35,548-root-WARNING-Too high Temp
2022-03-25 15:46:35,714-root-WARNING-Too high Temp
2022-03-25 15:46:35,714-root-WARNING-Too high Temp
2022-03-25 15:46:35,881-root-WARNING-Too high Temp
2022-03-25 15:46:35,881-root-WARNING-Too high Temp
2022-03-25 15:46:36,047-root-WARNING-Too high Temp
2022-03-25 15:46:36,048-root-WARNING-Too high Temp
2022-03-25 15:46:36,220-root-WARNING-Too high Temp
2022-03-25 15:46:36,220-root-WARNING-Too high Temp
2022-03-25 15:46:36,385-root-WARNING-Too high Temp
2022-03-25 15:46:36,385-root-WARNING-Too high Temp
2022-03-25 15:46:36,518-root-INFO-Temp : 90.72 RPM : 0
2022-03-25 15:46:36,519-root-INFO-Temp : 90.72 RPM : 0
2022-03-25 15:46:36,552-root-WARNING-Too high Temp
2022-03-25 15:46:36,552-root-WARNING-Too high Temp
2022-03-25 15:46:36,718-root-WARNING-Too high Temp
2022-03-25 15:46:36,718-root-WARNING-Too high Temp
2022-03-25 15:46:36,884-root-WARNING-Too high Temp
2022-03-25 15:46:36,885-root-WARNING-Too high Temp
2022-03-25 15:46:37,051-root-WARNING-Too high Temp
2022-03-25 15:46:37,052-root-WARNING-Too high Temp
2022-03-25 15:46:37,218-root-WARNING-Too high Temp
2022-03-25 15:46:37,218-root-WARNING-Too high Temp
2022-03-25 15:46:37,384-root-WARNING-Too high Temp
2022-03-25 15:46:37,385-root-WARNING-Too high Temp
2022-03-25 15:46:37,561-root-WARNING-Too high Temp
2022-03-25 15:46:37,561-root-WARNING-Too high Temp
2022-03-25 15:46:37,719-root-WARNING-Too high Temp
2022-03-25 15:46:37,720-root-WARNING-Too high Temp
2022-03-25 15:46:37,880-root-WARNING-Too high Temp
2022-03-25 15:46:37,884-root-WARNING-Too high Temp
2022-03-25 15:46:38,048-root-WARNING-Too high Temp
2022-03-25 15:46:38,048-root-WARNING-Too high Temp
2022-03-25 15:46:38,213-root-WARNING-Too high Temp
2022-03-25 15:46:38,213-root-WARNING-Too high Temp
2022-03-25 15:46:38,380-root-WARNING-Too high Temp
2022-03-25 15:46:38,380-root-WARNING-Too high Temp
2022-03-25 15:46:38,552-root-WARNING-Too high Temp
2022-03-25 15:46:38,553-root-WARNING-Too high Temp
2022-03-25 15:46:38,713-root-WARNING-Too high Temp
2022-03-25 15:46:38,713-root-WARNING-Too high Temp
2022-03-25 15:46:38,880-root-WARNING-Too high Temp
2022-03-25 15:46:38,881-root-WARNING-Too high Temp
2022-03-25 15:46:39,047-root-WARNING-Too high Temp
2022-03-25 15:46:39,047-root-WARNING-Too high Temp
2022-03-25 15:46:39,215-root-WARNING-Too high Temp
2022-03-25 15:46:39,216-root-WARNING-Too high Temp
2022-03-25 15:46:39,387-root-WARNING-Too high Temp
2022-03-25 15:46:39,388-root-WARNING-Too high Temp
2022-03-25 15:46:39,547-root-WARNING-Too high Temp
2022-03-25 15:46:39,547-root-WARNING-Too high Temp
2022-03-25 15:46:39,714-root-WARNING-Too high Temp
2022-03-25 15:46:39,714-root-WARNING-Too high Temp
2022-03-25 15:46:39,848-root-INFO-Temp : 90.55 RPM : 0
2022-03-25 15:46:39,848-root-INFO-Temp : 90.55 RPM : 0
2022-03-25 15:46:39,880-root-WARNING-Too high Temp
2022-03-25 15:46:39,881-root-WARNING-Too high Temp
2022-03-25 15:46:40,047-root-WARNING-Too high Temp
2022-03-25 15:46:40,048-root-WARNING-Too high Temp
2022-03-25 15:46:40,217-root-WARNING-Too high Temp
2022-03-25 15:46:40,217-root-WARNING-Too high Temp
2022-03-25 15:46:40,390-root-WARNING-Too high Temp
2022-03-25 15:46:40,390-root-WARNING-Too high Temp
2022-03-25 15:46:40,547-root-WARNING-Too high Temp
2022-03-25 15:46:40,547-root-WARNING-Too high Temp
2022-03-25 15:46:40,713-root-WARNING-Too high Temp
2022-03-25 15:46:40,714-root-WARNING-Too high Temp
2022-03-25 15:46:40,882-root-WARNING-Too high Temp
2022-03-25 15:46:40,882-root-WARNING-Too high Temp
2022-03-25 15:46:41,050-root-WARNING-Too high Temp
2022-03-25 15:46:41,051-root-WARNING-Too high Temp
2022-03-25 15:46:41,223-root-WARNING-Too high Temp
2022-03-25 15:46:41,224-root-WARNING-Too high Temp
2022-03-25 15:46:41,380-root-WARNING-Too high Temp
2022-03-25 15:46:41,381-root-WARNING-Too high Temp
2022-03-25 15:46:41,546-root-WARNING-Too high Temp
2022-03-25 15:46:41,547-root-WARNING-Too high Temp
2022-03-25 15:46:41,714-root-WARNING-Too high Temp
2022-03-25 15:46:41,714-root-WARNING-Too high Temp
2022-03-25 15:46:41,880-root-WARNING-Too high Temp
2022-03-25 15:46:41,881-root-WARNING-Too high Temp
2022-03-25 15:46:42,060-root-WARNING-Too high Temp
2022-03-25 15:46:42,060-root-WARNING-Too high Temp
2022-03-25 15:46:42,212-root-WARNING-Too high Temp
2022-03-25 15:46:42,213-root-WARNING-Too high Temp
2022-03-25 15:46:42,380-root-WARNING-Too high Temp
2022-03-25 15:46:42,380-root-WARNING-Too high Temp
2022-03-25 15:46:42,546-root-WARNING-Too high Temp
2022-03-25 15:46:42,547-root-WARNING-Too high Temp
2022-03-25 15:46:42,715-root-WARNING-Too high Temp
2022-03-25 15:46:42,716-root-WARNING-Too high Temp
2022-03-25 15:46:42,886-root-WARNING-Too high Temp
2022-03-25 15:46:42,891-root-WARNING-Too high Temp
2022-03-25 15:46:43,057-root-WARNING-Too high Temp
2022-03-25 15:46:43,058-root-WARNING-Too high Temp
2022-03-25 15:46:43,179-root-INFO-Temp : 90.54 RPM : 0
2022-03-25 15:46:43,180-root-INFO-Temp : 90.54 RPM : 0
2022-03-25 15:46:43,214-root-WARNING-Too high Temp
2022-03-25 15:46:43,214-root-WARNING-Too high Temp
2022-03-25 15:46:43,379-root-WARNING-Too high Temp
2022-03-25 15:46:43,379-root-WARNING-Too high Temp
2022-03-25 15:46:43,549-root-WARNING-Too high Temp
2022-03-25 15:46:43,549-root-WARNING-Too high Temp
2022-03-25 15:46:43,726-root-WARNING-Too high Temp
2022-03-25 15:46:43,726-root-WARNING-Too high Temp
2022-03-25 15:46:43,881-root-WARNING-Too high Temp
2022-03-25 15:46:43,882-root-WARNING-Too high Temp
2022-03-25 15:46:44,048-root-WARNING-Too high Temp
2022-03-25 15:46:44,048-root-WARNING-Too high Temp
2022-03-25 15:46:44,213-root-WARNING-Too high Temp
2022-03-25 15:46:44,214-root-WARNING-Too high Temp
2022-03-25 15:46:44,379-root-WARNING-Too high Temp
2022-03-25 15:46:44,380-root-WARNING-Too high Temp
2022-03-25 15:46:44,554-root-WARNING-Too high Temp
2022-03-25 15:46:44,555-root-WARNING-Too high Temp
2022-03-25 15:46:44,717-root-WARNING-Too high Temp
2022-03-25 15:46:44,717-root-WARNING-Too high Temp
2022-03-25 15:46:44,879-root-WARNING-Too high Temp
2022-03-25 15:46:44,879-root-WARNING-Too high Temp
2022-03-25 15:46:45,047-root-WARNING-Too high Temp
2022-03-25 15:46:45,048-root-WARNING-Too high Temp
2022-03-25 15:46:45,212-root-WARNING-Too high Temp
2022-03-25 15:46:45,212-root-WARNING-Too high Temp
2022-03-25 15:46:45,378-root-WARNING-Too high Temp
2022-03-25 15:46:45,379-root-WARNING-Too high Temp
2022-03-25 15:46:45,551-root-WARNING-Too high Temp
2022-03-25 15:46:45,551-root-WARNING-Too high Temp
2022-03-25 15:46:45,712-root-WARNING-Too high Temp
2022-03-25 15:46:45,712-root-WARNING-Too high Temp
2022-03-25 15:46:45,879-root-WARNING-Too high Temp
2022-03-25 15:46:45,879-root-WARNING-Too high Temp
2022-03-25 15:46:46,045-root-WARNING-Too high Temp
2022-03-25 15:46:46,045-root-WARNING-Too high Temp
2022-03-25 15:46:46,211-root-WARNING-Too high Temp
2022-03-25 15:46:46,212-root-WARNING-Too high Temp
2022-03-25 15:46:46,383-root-WARNING-Too high Temp
2022-03-25 15:46:46,384-root-WARNING-Too high Temp
2022-03-25 15:46:46,512-root-INFO-Temp : 90.54 RPM : 0
2022-03-25 15:46:46,512-root-INFO-Temp : 90.54 RPM : 0
2022-03-25 15:46:46,545-root-WARNING-Too high Temp
2022-03-25 15:46:46,546-root-WARNING-Too high Temp
2022-03-25 15:46:46,712-root-WARNING-Too high Temp
2022-03-25 15:46:46,713-root-WARNING-Too high Temp
2022-03-25 15:46:46,879-root-WARNING-Too high Temp
2022-03-25 15:46:46,879-root-WARNING-Too high Temp
2022-03-25 15:46:47,045-root-WARNING-Too high Temp
2022-03-25 15:46:47,046-root-WARNING-Too high Temp
2022-03-25 15:46:47,222-root-WARNING-Too high Temp
2022-03-25 15:46:47,222-root-WARNING-Too high Temp
2022-03-25 15:46:47,387-root-WARNING-Too high Temp
2022-03-25 15:46:47,387-root-WARNING-Too high Temp
2022-03-25 15:46:47,546-root-WARNING-Too high Temp
2022-03-25 15:46:47,546-root-WARNING-Too high Temp
2022-03-25 15:46:47,712-root-WARNING-Too high Temp
2022-03-25 15:46:47,712-root-WARNING-Too high Temp
2022-03-25 15:46:47,880-root-WARNING-Too high Temp
2022-03-25 15:46:47,884-root-WARNING-Too high Temp
2022-03-25 15:46:48,046-root-WARNING-Too high Temp
2022-03-25 15:46:48,046-root-WARNING-Too high Temp
2022-03-25 15:46:48,212-root-WARNING-Too high Temp
2022-03-25 15:46:48,212-root-WARNING-Too high Temp
2022-03-25 15:46:48,378-root-WARNING-Too high Temp
2022-03-25 15:46:48,379-root-WARNING-Too high Temp
2022-03-25 15:46:48,545-root-WARNING-Too high Temp
2022-03-25 15:46:48,545-root-WARNING-Too high Temp
2022-03-25 15:46:48,711-root-WARNING-Too high Temp
2022-03-25 15:46:48,711-root-WARNING-Too high Temp
2022-03-25 15:46:48,880-root-WARNING-Too high Temp
2022-03-25 15:46:48,880-root-WARNING-Too high Temp
2022-03-25 15:46:49,050-root-WARNING-Too high Temp
2022-03-25 15:46:49,050-root-WARNING-Too high Temp
2022-03-25 15:46:49,216-root-WARNING-Too high Temp
2022-03-25 15:46:49,216-root-WARNING-Too high Temp
2022-03-25 15:46:49,379-root-WARNING-Too high Temp
2022-03-25 15:46:49,379-root-WARNING-Too high Temp
2022-03-25 15:46:49,554-root-WARNING-Too high Temp
2022-03-25 15:46:49,554-root-WARNING-Too high Temp
2022-03-25 15:46:49,713-root-WARNING-Too high Temp
2022-03-25 15:46:49,714-root-WARNING-Too high Temp
2022-03-25 15:46:49,849-root-INFO-Temp : 90.54 RPM : 0
2022-03-25 15:46:49,849-root-INFO-Temp : 90.54 RPM : 0
2022-03-25 15:46:49,883-root-WARNING-Too high Temp
2022-03-25 15:46:49,884-root-WARNING-Too high Temp
2022-03-25 15:46:50,044-root-WARNING-Too high Temp
2022-03-25 15:46:50,045-root-WARNING-Too high Temp
2022-03-25 15:46:50,211-root-WARNING-Too high Temp
2022-03-25 15:46:50,212-root-WARNING-Too high Temp
2022-03-25 15:46:50,378-root-WARNING-Too high Temp
2022-03-25 15:46:50,378-root-WARNING-Too high Temp
2022-03-25 15:46:50,545-root-WARNING-Too high Temp
2022-03-25 15:46:50,546-root-WARNING-Too high Temp
2022-03-25 15:46:50,729-root-WARNING-Too high Temp
2022-03-25 15:46:50,729-root-WARNING-Too high Temp
2022-03-25 15:46:50,880-root-WARNING-Too high Temp
2022-03-25 15:46:50,880-root-WARNING-Too high Temp
2022-03-25 15:46:51,045-root-WARNING-Too high Temp
2022-03-25 15:46:51,045-root-WARNING-Too high Temp
2022-03-25 15:46:51,211-root-WARNING-Too high Temp
2022-03-25 15:46:51,211-root-WARNING-Too high Temp
2022-03-25 15:46:51,378-root-WARNING-Too high Temp
2022-03-25 15:46:51,379-root-WARNING-Too high Temp
2022-03-25 15:46:51,550-root-WARNING-Too high Temp
2022-03-25 15:46:51,550-root-WARNING-Too high Temp
2022-03-25 15:46:51,712-root-WARNING-Too high Temp
2022-03-25 15:46:51,712-root-WARNING-Too high Temp
2022-03-25 15:46:51,877-root-WARNING-Too high Temp
2022-03-25 15:46:51,877-root-WARNING-Too high Temp
2022-03-25 15:46:52,046-root-WARNING-Too high Temp
2022-03-25 15:46:52,047-root-WARNING-Too high Temp
2022-03-25 15:46:52,211-root-WARNING-Too high Temp
2022-03-25 15:46:52,212-root-WARNING-Too high Temp
2022-03-25 15:46:52,393-root-WARNING-Too high Temp
2022-03-25 15:46:52,394-root-WARNING-Too high Temp
2022-03-25 15:46:52,555-root-WARNING-Too high Temp
2022-03-25 15:46:52,555-root-WARNING-Too high Temp
2022-03-25 15:46:52,711-root-WARNING-Too high Temp
2022-03-25 15:46:52,711-root-WARNING-Too high Temp
2022-03-25 15:46:52,877-root-WARNING-Too high Temp
2022-03-25 15:46:52,881-root-WARNING-Too high Temp
2022-03-25 15:46:53,045-root-WARNING-Too high Temp
2022-03-25 15:46:53,045-root-WARNING-Too high Temp
2022-03-25 15:46:53,177-root-INFO-Temp : 90.54 RPM : 0
2022-03-25 15:46:53,178-root-INFO-Temp : 90.54 RPM : 0
2022-03-25 15:46:53,211-root-WARNING-Too high Temp
2022-03-25 15:46:53,211-root-WARNING-Too high Temp
2022-03-25 15:46:53,383-root-WARNING-Too high Temp
2022-03-25 15:46:53,384-root-WARNING-Too high Temp
2022-03-25 15:46:53,545-root-WARNING-Too high Temp
2022-03-25 15:46:53,545-root-WARNING-Too high Temp
2022-03-25 15:46:53,711-root-WARNING-Too high Temp
2022-03-25 15:46:53,711-root-WARNING-Too high Temp
2022-03-25 15:46:53,878-root-WARNING-Too high Temp
2022-03-25 15:46:53,878-root-WARNING-Too high Temp
2022-03-25 15:46:54,045-root-WARNING-Too high Temp
2022-03-25 15:46:54,045-root-WARNING-Too high Temp
2022-03-25 15:46:54,227-root-WARNING-Too high Temp
2022-03-25 15:46:54,228-root-WARNING-Too high Temp
2022-03-25 15:46:54,387-root-WARNING-Too high Temp
2022-03-25 15:46:54,387-root-WARNING-Too high Temp
2022-03-25 15:46:54,544-root-WARNING-Too high Temp
2022-03-25 15:46:54,544-root-WARNING-Too high Temp
2022-03-25 15:46:54,711-root-WARNING-Too high Temp
2022-03-25 15:46:54,711-root-WARNING-Too high Temp
2022-03-25 15:46:54,877-root-WARNING-Too high Temp
2022-03-25 15:46:54,878-root-WARNING-Too high Temp
2022-03-25 15:46:55,044-root-WARNING-Too high Temp
2022-03-25 15:46:55,044-root-WARNING-Too high Temp
2022-03-25 15:46:55,219-root-WARNING-Too high Temp
2022-03-25 15:46:55,219-root-WARNING-Too high Temp
2022-03-25 15:46:55,377-root-WARNING-Too high Temp
2022-03-25 15:46:55,377-root-WARNING-Too high Temp
2022-03-25 15:46:55,543-root-WARNING-Too high Temp
2022-03-25 15:46:55,543-root-WARNING-Too high Temp
2022-03-25 15:46:55,710-root-WARNING-Too high Temp
2022-03-25 15:46:55,710-root-WARNING-Too high Temp
2022-03-25 15:46:55,876-root-WARNING-Too high Temp
2022-03-25 15:46:55,877-root-WARNING-Too high Temp
2022-03-25 15:46:56,048-root-WARNING-Too high Temp
2022-03-25 15:46:56,048-root-WARNING-Too high Temp
2022-03-25 15:46:56,210-root-WARNING-Too high Temp
2022-03-25 15:46:56,210-root-WARNING-Too high Temp
2022-03-25 15:46:56,378-root-WARNING-Too high Temp
2022-03-25 15:46:56,379-root-WARNING-Too high Temp
2022-03-25 15:46:56,510-root-INFO-Temp : 90.54 RPM : 0
2022-03-25 15:46:56,510-root-INFO-Temp : 90.54 RPM : 0
2022-03-25 15:46:56,544-root-WARNING-Too high Temp
2022-03-25 15:46:56,544-root-WARNING-Too high Temp
2022-03-25 15:46:56,710-root-WARNING-Too high Temp
2022-03-25 15:46:56,711-root-WARNING-Too high Temp
2022-03-25 15:46:56,896-root-WARNING-Too high Temp
2022-03-25 15:46:56,897-root-WARNING-Too high Temp
2022-03-25 15:46:57,063-root-WARNING-Too high Temp
2022-03-25 15:46:57,063-root-WARNING-Too high Temp
2022-03-25 15:46:57,217-root-WARNING-Too high Temp
2022-03-25 15:46:57,218-root-WARNING-Too high Temp
2022-03-25 15:46:57,385-root-WARNING-Too high Temp
2022-03-25 15:46:57,386-root-WARNING-Too high Temp
2022-03-25 15:46:57,550-root-WARNING-Too high Temp
2022-03-25 15:46:57,551-root-WARNING-Too high Temp
2022-03-25 15:46:57,710-root-WARNING-Too high Temp
2022-03-25 15:46:57,710-root-WARNING-Too high Temp
2022-03-25 15:46:57,876-root-WARNING-Too high Temp
2022-03-25 15:46:57,877-root-WARNING-Too high Temp
2022-03-25 15:46:58,043-root-WARNING-Too high Temp
2022-03-25 15:46:58,044-root-WARNING-Too high Temp
2022-03-25 15:46:58,211-root-WARNING-Too high Temp
2022-03-25 15:46:58,211-root-WARNING-Too high Temp
2022-03-25 15:46:58,377-root-WARNING-Too high Temp
2022-03-25 15:46:58,377-root-WARNING-Too high Temp
2022-03-25 15:46:58,551-root-WARNING-Too high Temp
2022-03-25 15:46:58,552-root-WARNING-Too high Temp
2022-03-25 15:46:58,710-root-WARNING-Too high Temp
2022-03-25 15:46:58,710-root-WARNING-Too high Temp
2022-03-25 15:46:58,876-root-WARNING-Too high Temp
2022-03-25 15:46:58,876-root-WARNING-Too high Temp
2022-03-25 15:46:59,043-root-WARNING-Too high Temp
2022-03-25 15:46:59,043-root-WARNING-Too high Temp
2022-03-25 15:46:59,210-root-WARNING-Too high Temp
2022-03-25 15:46:59,210-root-WARNING-Too high Temp
2022-03-25 15:46:59,384-root-WARNING-Too high Temp
2022-03-25 15:46:59,384-root-WARNING-Too high Temp
2022-03-25 15:46:59,542-root-WARNING-Too high Temp
2022-03-25 15:46:59,543-root-WARNING-Too high Temp
2022-03-25 15:46:59,713-root-WARNING-Too high Temp
2022-03-25 15:46:59,713-root-WARNING-Too high Temp
2022-03-25 15:46:59,843-root-INFO-Temp : 90.54 RPM : 0
2022-03-25 15:46:59,844-root-INFO-Temp : 90.54 RPM : 0
2022-03-25 15:46:59,876-root-WARNING-Too high Temp
2022-03-25 15:46:59,876-root-WARNING-Too high Temp
2022-03-25 15:47:00,043-root-WARNING-Too high Temp
2022-03-25 15:47:00,043-root-WARNING-Too high Temp
2022-03-25 15:47:00,223-root-WARNING-Too high Temp
2022-03-25 15:47:00,223-root-WARNING-Too high Temp
2022-03-25 15:47:00,380-root-WARNING-Too high Temp
2022-03-25 15:47:00,381-root-WARNING-Too high Temp
2022-03-25 15:47:00,542-root-WARNING-Too high Temp
2022-03-25 15:47:00,543-root-WARNING-Too high Temp
2022-03-25 15:47:00,709-root-WARNING-Too high Temp
2022-03-25 15:47:00,709-root-WARNING-Too high Temp
2022-03-25 15:47:00,875-root-WARNING-Too high Temp
2022-03-25 15:47:00,876-root-WARNING-Too high Temp
2022-03-25 15:47:01,053-root-WARNING-Too high Temp
2022-03-25 15:47:01,054-root-WARNING-Too high Temp
2022-03-25 15:47:01,211-root-WARNING-Too high Temp
2022-03-25 15:47:01,211-root-WARNING-Too high Temp
2022-03-25 15:47:01,393-root-WARNING-Too high Temp
2022-03-25 15:47:01,393-root-WARNING-Too high Temp
2022-03-25 15:47:01,542-root-WARNING-Too high Temp
2022-03-25 15:47:01,543-root-WARNING-Too high Temp
2022-03-25 15:47:01,709-root-WARNING-Too high Temp
2022-03-25 15:47:01,710-root-WARNING-Too high Temp
2022-03-25 15:47:01,894-root-WARNING-Too high Temp
2022-03-25 15:47:01,894-root-WARNING-Too high Temp
2022-03-25 15:47:02,055-root-WARNING-Too high Temp
2022-03-25 15:47:02,055-root-WARNING-Too high Temp
2022-03-25 15:47:02,211-root-WARNING-Too high Temp
2022-03-25 15:47:02,211-root-WARNING-Too high Temp
2022-03-25 15:47:02,375-root-WARNING-Too high Temp
2022-03-25 15:47:02,375-root-WARNING-Too high Temp
2022-03-25 15:47:02,542-root-WARNING-Too high Temp
2022-03-25 15:47:02,543-root-WARNING-Too high Temp
2022-03-25 15:47:03,808-werkzeug-INFO- * Running on http://0.0.0.0:8080/ (Press CTRL+C to quit)
2022-03-25 15:47:05,720-root-WARNING-Too high Temp
2022-03-25 15:47:05,720-root-WARNING-Too high Temp
2022-03-25 15:47:05,869-root-WARNING-Too high Temp
2022-03-25 15:47:05,869-root-WARNING-Too high Temp
2022-03-25 15:47:06,019-root-WARNING-Too high Temp
2022-03-25 15:47:06,019-root-WARNING-Too high Temp
2022-03-25 15:47:06,179-root-WARNING-Too high Temp
2022-03-25 15:47:06,180-root-WARNING-Too high Temp
2022-03-25 15:47:06,331-root-WARNING-Too high Temp
2022-03-25 15:47:06,331-root-WARNING-Too high Temp
2022-03-25 15:47:06,486-root-WARNING-Too high Temp
2022-03-25 15:47:06,486-root-WARNING-Too high Temp
2022-03-25 15:47:06,636-root-WARNING-Too high Temp
2022-03-25 15:47:06,636-root-WARNING-Too high Temp
2022-03-25 15:47:06,784-root-WARNING-Too high Temp
2022-03-25 15:47:06,784-root-WARNING-Too high Temp
2022-03-25 15:47:06,981-root-WARNING-Too high Temp
2022-03-25 15:47:06,981-root-WARNING-Too high Temp
2022-03-25 15:47:07,130-root-WARNING-Too high Temp
2022-03-25 15:47:07,130-root-WARNING-Too high Temp
2022-03-25 15:47:07,276-root-WARNING-Too high Temp
2022-03-25 15:47:07,276-root-WARNING-Too high Temp
2022-03-25 15:47:07,449-root-WARNING-Too high Temp
2022-03-25 15:47:07,450-root-WARNING-Too high Temp
2022-03-25 15:47:07,634-root-WARNING-Too high Temp
2022-03-25 15:47:07,637-root-WARNING-Too high Temp
2022-03-25 15:47:07,901-root-WARNING-Too high Temp
2022-03-25 15:47:07,901-root-WARNING-Too high Temp
2022-03-25 15:47:08,089-root-WARNING-Too high Temp
2022-03-25 15:47:08,089-root-WARNING-Too high Temp
2022-03-25 15:47:08,277-root-WARNING-Too high Temp
2022-03-25 15:47:08,278-root-WARNING-Too high Temp
2022-03-25 15:47:08,523-root-WARNING-Too high Temp
2022-03-25 15:47:08,524-root-WARNING-Too high Temp
2022-03-25 15:47:08,743-root-WARNING-Too high Temp
2022-03-25 15:47:08,745-root-WARNING-Too high Temp
2022-03-25 15:47:08,937-root-WARNING-Too high Temp
2022-03-25 15:47:08,939-root-WARNING-Too high Temp
2022-03-25 15:47:09,143-root-WARNING-Too high Temp
2022-03-25 15:47:09,145-root-WARNING-Too high Temp
2022-03-25 15:47:09,337-root-INFO-Temp : 90.57 RPM : 0
2022-03-25 15:47:09,338-root-INFO-Temp : 90.57 RPM : 0
2022-03-25 15:47:09,369-root-WARNING-Too high Temp
2022-03-25 15:47:09,370-root-WARNING-Too high Temp
2022-03-25 15:47:09,537-root-WARNING-Too high Temp
2022-03-25 15:47:09,537-root-WARNING-Too high Temp
2022-03-25 15:47:09,740-root-WARNING-Too high Temp
2022-03-25 15:47:09,743-root-WARNING-Too high Temp
2022-03-25 15:47:09,976-root-WARNING-Too high Temp
2022-03-25 15:47:09,977-root-WARNING-Too high Temp
2022-03-25 15:47:10,182-root-WARNING-Too high Temp
2022-03-25 15:47:10,183-root-WARNING-Too high Temp
2022-03-25 15:47:10,377-root-WARNING-Too high Temp
2022-03-25 15:47:10,377-root-WARNING-Too high Temp
2022-03-25 15:47:10,539-root-WARNING-Too high Temp
2022-03-25 15:47:10,539-root-WARNING-Too high Temp
2022-03-25 15:47:10,692-root-WARNING-Too high Temp
2022-03-25 15:47:10,692-root-WARNING-Too high Temp
2022-03-25 15:47:10,829-root-WARNING-Too high Temp
2022-03-25 15:47:10,829-root-WARNING-Too high Temp
2022-03-25 15:47:10,966-root-WARNING-Too high Temp
2022-03-25 15:47:10,967-root-WARNING-Too high Temp
2022-03-25 15:47:11,110-root-WARNING-Too high Temp
2022-03-25 15:47:11,110-root-WARNING-Too high Temp
2022-03-25 15:47:11,283-root-WARNING-Too high Temp
2022-03-25 15:47:11,284-root-WARNING-Too high Temp
2022-03-25 15:47:11,381-werkzeug-INFO-172.30.1.24 - - [25/Mar/2022 15:47:11] "[37mGET / HTTP/1.1[0m" 200 -
2022-03-25 15:47:11,504-root-WARNING-Too high Temp
2022-03-25 15:47:11,505-root-WARNING-Too high Temp
2022-03-25 15:47:11,611-werkzeug-INFO-172.30.1.24 - - [25/Mar/2022 15:47:11] "[37mGET /video HTTP/1.1[0m" 200 -
2022-03-25 15:47:11,687-root-WARNING-Too high Temp
2022-03-25 15:47:11,688-root-WARNING-Too high Temp
2022-03-25 15:47:11,844-werkzeug-INFO-172.30.1.24 - - [25/Mar/2022 15:47:11] "[33mGET /favicon.ico HTTP/1.1[0m" 404 -
2022-03-25 15:47:11,966-root-WARNING-Too high Temp
2022-03-25 15:47:11,967-root-WARNING-Too high Temp
2022-03-25 15:47:12,183-root-WARNING-Too high Temp
2022-03-25 15:47:12,184-root-WARNING-Too high Temp
2022-03-25 15:47:12,448-root-WARNING-Too high Temp
2022-03-25 15:47:12,449-root-WARNING-Too high Temp
2022-03-25 15:47:12,756-root-WARNING-Too high Temp
2022-03-25 15:47:12,757-root-WARNING-Too high Temp
2022-03-25 15:47:13,103-root-WARNING-Too high Temp
2022-03-25 15:47:13,103-root-WARNING-Too high Temp
2022-03-25 15:47:13,377-root-WARNING-Too high Temp
2022-03-25 15:47:13,378-root-WARNING-Too high Temp
2022-03-25 15:47:13,610-root-INFO-Temp : 90.51 RPM : 0
2022-03-25 15:47:13,611-root-INFO-Temp : 90.51 RPM : 0
2022-03-25 15:47:13,659-root-WARNING-Too high Temp
2022-03-25 15:47:13,660-root-WARNING-Too high Temp
2022-03-25 15:47:13,941-root-WARNING-Too high Temp
2022-03-25 15:47:13,944-root-WARNING-Too high Temp
2022-03-25 15:47:14,248-root-WARNING-Too high Temp
2022-03-25 15:47:14,249-root-WARNING-Too high Temp
2022-03-25 15:47:14,583-root-WARNING-Too high Temp
2022-03-25 15:47:14,584-root-WARNING-Too high Temp
2022-03-25 15:47:14,850-root-WARNING-Too high Temp
2022-03-25 15:47:14,850-root-WARNING-Too high Temp
2022-03-25 15:47:15,183-root-WARNING-Too high Temp
2022-03-25 15:47:15,184-root-WARNING-Too high Temp
2022-03-25 15:47:15,464-root-WARNING-Too high Temp
2022-03-25 15:47:15,465-root-WARNING-Too high Temp
2022-03-25 15:47:15,668-root-WARNING-Too high Temp
2022-03-25 15:47:15,668-root-WARNING-Too high Temp
2022-03-25 15:47:15,872-root-WARNING-Too high Temp
2022-03-25 15:47:15,873-root-WARNING-Too high Temp
2022-03-25 15:47:16,051-root-WARNING-Too high Temp
2022-03-25 15:47:16,051-root-WARNING-Too high Temp
2022-03-25 15:47:16,195-root-WARNING-Too high Temp
2022-03-25 15:47:16,195-root-WARNING-Too high Temp
2022-03-25 15:47:16,333-root-WARNING-Too high Temp
2022-03-25 15:47:16,333-root-WARNING-Too high Temp
2022-03-25 15:47:16,479-root-WARNING-Too high Temp
2022-03-25 15:47:16,479-root-WARNING-Too high Temp
2022-03-25 15:47:16,618-root-WARNING-Too high Temp
2022-03-25 15:47:16,618-root-WARNING-Too high Temp
2022-03-25 15:47:16,757-root-WARNING-Too high Temp
2022-03-25 15:47:16,757-root-WARNING-Too high Temp
2022-03-25 15:47:16,900-root-WARNING-Too high Temp
2022-03-25 15:47:16,900-root-WARNING-Too high Temp
2022-03-25 15:47:17,071-root-WARNING-Too high Temp
2022-03-25 15:47:17,071-root-WARNING-Too high Temp
2022-03-25 15:47:17,232-root-WARNING-Too high Temp
2022-03-25 15:47:17,232-root-WARNING-Too high Temp
2022-03-25 15:47:17,399-root-WARNING-Too high Temp
2022-03-25 15:47:17,399-root-WARNING-Too high Temp
2022-03-25 15:47:17,565-root-WARNING-Too high Temp
2022-03-25 15:47:17,565-root-WARNING-Too high Temp
2022-03-25 15:47:17,697-root-INFO-Temp : 90.52 RPM : 0
2022-03-25 15:47:17,698-root-INFO-Temp : 90.52 RPM : 0
2022-03-25 15:47:17,731-root-WARNING-Too high Temp
2022-03-25 15:47:17,731-root-WARNING-Too high Temp
2022-03-25 15:47:17,906-root-WARNING-Too high Temp
2022-03-25 15:47:17,906-root-WARNING-Too high Temp
2022-03-25 15:47:18,068-root-WARNING-Too high Temp
2022-03-25 15:47:18,068-root-WARNING-Too high Temp
2022-03-25 15:47:18,232-root-WARNING-Too high Temp
2022-03-25 15:47:18,232-root-WARNING-Too high Temp
2022-03-25 15:47:18,399-root-WARNING-Too high Temp
2022-03-25 15:47:18,399-root-WARNING-Too high Temp
2022-03-25 15:47:18,565-root-WARNING-Too high Temp
2022-03-25 15:47:18,565-root-WARNING-Too high Temp
2022-03-25 15:47:18,733-root-WARNING-Too high Temp
2022-03-25 15:47:18,734-root-WARNING-Too high Temp
2022-03-25 15:47:18,900-root-WARNING-Too high Temp
2022-03-25 15:47:18,901-root-WARNING-Too high Temp
2022-03-25 15:47:19,065-root-WARNING-Too high Temp
2022-03-25 15:47:19,065-root-WARNING-Too high Temp
2022-03-25 15:47:19,231-root-WARNING-Too high Temp
2022-03-25 15:47:19,231-root-WARNING-Too high Temp
2022-03-25 15:47:19,398-root-WARNING-Too high Temp
2022-03-25 15:47:19,399-root-WARNING-Too high Temp
2022-03-25 15:47:19,568-root-WARNING-Too high Temp
2022-03-25 15:47:19,568-root-WARNING-Too high Temp
2022-03-25 15:47:19,731-root-WARNING-Too high Temp
2022-03-25 15:47:19,731-root-WARNING-Too high Temp
2022-03-25 15:47:19,899-root-WARNING-Too high Temp
2022-03-25 15:47:19,899-root-WARNING-Too high Temp
2022-03-25 15:47:20,065-root-WARNING-Too high Temp
2022-03-25 15:47:20,065-root-WARNING-Too high Temp
2022-03-25 15:47:20,231-root-WARNING-Too high Temp
2022-03-25 15:47:20,232-root-WARNING-Too high Temp
2022-03-25 15:47:20,406-root-WARNING-Too high Temp
2022-03-25 15:47:20,407-root-WARNING-Too high Temp
2022-03-25 15:47:20,565-root-WARNING-Too high Temp
2022-03-25 15:47:20,565-root-WARNING-Too high Temp
2022-03-25 15:47:20,736-root-WARNING-Too high Temp
2022-03-25 15:47:20,736-root-WARNING-Too high Temp
2022-03-25 15:47:20,897-root-WARNING-Too high Temp
2022-03-25 15:47:20,904-root-WARNING-Too high Temp
2022-03-25 15:47:21,030-root-INFO-Temp : 90.52 RPM : 0
2022-03-25 15:47:21,030-root-INFO-Temp : 90.52 RPM : 0
2022-03-25 15:47:21,064-root-WARNING-Too high Temp
2022-03-25 15:47:21,065-root-WARNING-Too high Temp
2022-03-25 15:47:21,235-root-WARNING-Too high Temp
2022-03-25 15:47:21,236-root-WARNING-Too high Temp
2022-03-25 15:47:21,400-root-WARNING-Too high Temp
2022-03-25 15:47:21,400-root-WARNING-Too high Temp
2022-03-25 15:47:21,564-root-WARNING-Too high Temp
2022-03-25 15:47:21,564-root-WARNING-Too high Temp
2022-03-25 15:47:21,730-root-WARNING-Too high Temp
2022-03-25 15:47:21,731-root-WARNING-Too high Temp
2022-03-25 15:47:21,898-root-WARNING-Too high Temp
2022-03-25 15:47:21,898-root-WARNING-Too high Temp
2022-03-25 15:47:22,064-root-WARNING-Too high Temp
2022-03-25 15:47:22,064-root-WARNING-Too high Temp
2022-03-25 15:47:22,231-root-WARNING-Too high Temp
2022-03-25 15:47:22,231-root-WARNING-Too high Temp
2022-03-25 15:47:22,397-root-WARNING-Too high Temp
2022-03-25 15:47:22,397-root-WARNING-Too high Temp
2022-03-25 15:47:22,565-root-WARNING-Too high Temp
2022-03-25 15:47:22,566-root-WARNING-Too high Temp
2022-03-25 15:47:22,731-root-WARNING-Too high Temp
2022-03-25 15:47:22,731-root-WARNING-Too high Temp
2022-03-25 15:47:22,902-root-WARNING-Too high Temp
2022-03-25 15:47:22,902-root-WARNING-Too high Temp
2022-03-25 15:47:23,065-root-WARNING-Too high Temp
2022-03-25 15:47:23,066-root-WARNING-Too high Temp
2022-03-25 15:47:23,230-root-WARNING-Too high Temp
2022-03-25 15:47:23,231-root-WARNING-Too high Temp
2022-03-25 15:47:23,398-root-WARNING-Too high Temp
2022-03-25 15:47:23,398-root-WARNING-Too high Temp
2022-03-25 15:47:23,564-root-WARNING-Too high Temp
2022-03-25 15:47:23,564-root-WARNING-Too high Temp
2022-03-25 15:47:23,735-root-WARNING-Too high Temp
2022-03-25 15:47:23,736-root-WARNING-Too high Temp
2022-03-25 15:47:23,897-root-WARNING-Too high Temp
2022-03-25 15:47:23,897-root-WARNING-Too high Temp
2022-03-25 15:47:24,063-root-WARNING-Too high Temp
2022-03-25 15:47:24,063-root-WARNING-Too high Temp
2022-03-25 15:47:24,230-root-WARNING-Too high Temp
2022-03-25 15:47:24,231-root-WARNING-Too high Temp
2022-03-25 15:47:24,363-root-INFO-Temp : 90.51 RPM : 0
2022-03-25 15:47:24,363-root-INFO-Temp : 90.51 RPM : 0
2022-03-25 15:47:24,397-root-WARNING-Too high Temp
2022-03-25 15:47:24,398-root-WARNING-Too high Temp
2022-03-25 15:47:24,569-root-WARNING-Too high Temp
2022-03-25 15:47:24,570-root-WARNING-Too high Temp
2022-03-25 15:47:24,730-root-WARNING-Too high Temp
2022-03-25 15:47:24,731-root-WARNING-Too high Temp
2022-03-25 15:47:24,896-root-WARNING-Too high Temp
2022-03-25 15:47:24,896-root-WARNING-Too high Temp
2022-03-25 15:47:25,063-root-WARNING-Too high Temp
2022-03-25 15:47:25,063-root-WARNING-Too high Temp
2022-03-25 15:47:25,230-root-WARNING-Too high Temp
2022-03-25 15:47:25,230-root-WARNING-Too high Temp
2022-03-25 15:47:25,402-root-WARNING-Too high Temp
2022-03-25 15:47:25,403-root-WARNING-Too high Temp
2022-03-25 15:47:25,564-root-WARNING-Too high Temp
2022-03-25 15:47:25,564-root-WARNING-Too high Temp
2022-03-25 15:47:25,729-root-WARNING-Too high Temp
2022-03-25 15:47:25,730-root-WARNING-Too high Temp
2022-03-25 15:47:25,897-root-WARNING-Too high Temp
2022-03-25 15:47:25,900-root-WARNING-Too high Temp
2022-03-25 15:47:26,064-root-WARNING-Too high Temp
2022-03-25 15:47:26,064-root-WARNING-Too high Temp
2022-03-25 15:47:26,238-root-WARNING-Too high Temp
2022-03-25 15:47:26,238-root-WARNING-Too high Temp
2022-03-25 15:47:26,397-root-WARNING-Too high Temp
2022-03-25 15:47:26,397-root-WARNING-Too high Temp
2022-03-25 15:47:26,562-root-WARNING-Too high Temp
2022-03-25 15:47:26,563-root-WARNING-Too high Temp
2022-03-25 15:47:26,729-root-WARNING-Too high Temp
2022-03-25 15:47:26,730-root-WARNING-Too high Temp
2022-03-25 15:47:26,896-root-WARNING-Too high Temp
2022-03-25 15:47:26,897-root-WARNING-Too high Temp
2022-03-25 15:47:27,068-root-WARNING-Too high Temp
2022-03-25 15:47:27,068-root-WARNING-Too high Temp
2022-03-25 15:47:27,230-root-WARNING-Too high Temp
2022-03-25 15:47:27,230-root-WARNING-Too high Temp
2022-03-25 15:47:27,396-root-WARNING-Too high Temp
2022-03-25 15:47:27,396-root-WARNING-Too high Temp
2022-03-25 15:47:27,562-root-WARNING-Too high Temp
2022-03-25 15:47:27,563-root-WARNING-Too high Temp
2022-03-25 15:47:27,695-root-INFO-Temp : 90.52 RPM : 0
2022-03-25 15:47:27,696-root-INFO-Temp : 90.52 RPM : 0
2022-03-25 15:47:27,729-root-WARNING-Too high Temp
2022-03-25 15:47:27,730-root-WARNING-Too high Temp
2022-03-25 15:47:27,902-root-WARNING-Too high Temp
2022-03-25 15:47:27,902-root-WARNING-Too high Temp
2022-03-25 15:47:28,068-root-WARNING-Too high Temp
2022-03-25 15:47:28,068-root-WARNING-Too high Temp
2022-03-25 15:47:28,230-root-WARNING-Too high Temp
2022-03-25 15:47:28,230-root-WARNING-Too high Temp
2022-03-25 15:47:28,396-root-WARNING-Too high Temp
2022-03-25 15:47:28,396-root-WARNING-Too high Temp
2022-03-25 15:47:28,564-root-WARNING-Too high Temp
2022-03-25 15:47:28,564-root-WARNING-Too high Temp
2022-03-25 15:47:28,730-root-WARNING-Too high Temp
2022-03-25 15:47:28,730-root-WARNING-Too high Temp
2022-03-25 15:47:28,904-root-WARNING-Too high Temp
2022-03-25 15:47:28,905-root-WARNING-Too high Temp
2022-03-25 15:47:29,064-root-WARNING-Too high Temp
2022-03-25 15:47:29,064-root-WARNING-Too high Temp
2022-03-25 15:47:29,229-root-WARNING-Too high Temp
2022-03-25 15:47:29,229-root-WARNING-Too high Temp
2022-03-25 15:47:29,396-root-WARNING-Too high Temp
2022-03-25 15:47:29,397-root-WARNING-Too high Temp
2022-03-25 15:47:29,562-root-WARNING-Too high Temp
2022-03-25 15:47:29,563-root-WARNING-Too high Temp
2022-03-25 15:47:29,729-root-WARNING-Too high Temp
2022-03-25 15:47:29,729-root-WARNING-Too high Temp
2022-03-25 15:47:29,896-root-WARNING-Too high Temp
2022-03-25 15:47:29,896-root-WARNING-Too high Temp
2022-03-25 15:47:30,062-root-WARNING-Too high Temp
2022-03-25 15:47:30,062-root-WARNING-Too high Temp
2022-03-25 15:47:30,229-root-WARNING-Too high Temp
2022-03-25 15:47:30,229-root-WARNING-Too high Temp
2022-03-25 15:47:30,397-root-WARNING-Too high Temp
2022-03-25 15:47:30,398-root-WARNING-Too high Temp
2022-03-25 15:47:30,565-root-WARNING-Too high Temp
2022-03-25 15:47:30,565-root-WARNING-Too high Temp
2022-03-25 15:47:30,740-root-WARNING-Too high Temp
2022-03-25 15:47:30,740-root-WARNING-Too high Temp
2022-03-25 15:47:30,902-root-WARNING-Too high Temp
2022-03-25 15:47:30,906-root-WARNING-Too high Temp
2022-03-25 15:47:31,028-root-INFO-Temp : 90.52 RPM : 0
2022-03-25 15:47:31,028-root-INFO-Temp : 90.52 RPM : 0
2022-03-25 15:47:31,061-root-WARNING-Too high Temp
2022-03-25 15:47:31,062-root-WARNING-Too high Temp
2022-03-25 15:47:31,229-root-WARNING-Too high Temp
2022-03-25 15:47:31,229-root-WARNING-Too high Temp
2022-03-25 15:47:31,396-root-WARNING-Too high Temp
2022-03-25 15:47:31,396-root-WARNING-Too high Temp
2022-03-25 15:47:31,562-root-WARNING-Too high Temp
2022-03-25 15:47:31,562-root-WARNING-Too high Temp
2022-03-25 15:47:31,734-root-WARNING-Too high Temp
2022-03-25 15:47:31,735-root-WARNING-Too high Temp
2022-03-25 15:47:31,895-root-WARNING-Too high Temp
2022-03-25 15:47:31,896-root-WARNING-Too high Temp
2022-03-25 15:47:32,062-root-WARNING-Too high Temp
2022-03-25 15:47:32,063-root-WARNING-Too high Temp
2022-03-25 15:47:32,229-root-WARNING-Too high Temp
2022-03-25 15:47:32,229-root-WARNING-Too high Temp
2022-03-25 15:47:32,395-root-WARNING-Too high Temp
2022-03-25 15:47:32,396-root-WARNING-Too high Temp
2022-03-25 15:47:32,567-root-WARNING-Too high Temp
2022-03-25 15:47:32,568-root-WARNING-Too high Temp
2022-03-25 15:47:32,734-root-WARNING-Too high Temp
2022-03-25 15:47:32,734-root-WARNING-Too high Temp
2022-03-25 15:47:32,899-root-WARNING-Too high Temp
2022-03-25 15:47:32,900-root-WARNING-Too high Temp
2022-03-25 15:47:33,066-root-WARNING-Too high Temp
2022-03-25 15:47:33,066-root-WARNING-Too high Temp
2022-03-25 15:47:33,232-root-WARNING-Too high Temp
2022-03-25 15:47:33,233-root-WARNING-Too high Temp
2022-03-25 15:47:33,399-root-WARNING-Too high Temp
2022-03-25 15:47:33,399-root-WARNING-Too high Temp
2022-03-25 15:47:33,566-root-WARNING-Too high Temp
2022-03-25 15:47:33,566-root-WARNING-Too high Temp
2022-03-25 15:47:33,728-root-WARNING-Too high Temp
2022-03-25 15:47:33,728-root-WARNING-Too high Temp
2022-03-25 15:47:33,896-root-WARNING-Too high Temp
2022-03-25 15:47:33,896-root-WARNING-Too high Temp
2022-03-25 15:47:34,061-root-WARNING-Too high Temp
2022-03-25 15:47:34,061-root-WARNING-Too high Temp
2022-03-25 15:47:34,228-root-WARNING-Too high Temp
2022-03-25 15:47:34,228-root-WARNING-Too high Temp
2022-03-25 15:47:34,361-root-INFO-Temp : 90.51 RPM : 0
2022-03-25 15:47:34,362-root-INFO-Temp : 90.51 RPM : 0
2022-03-25 15:47:34,398-root-WARNING-Too high Temp
2022-03-25 15:47:34,399-root-WARNING-Too high Temp
2022-03-25 15:47:34,563-root-WARNING-Too high Temp
2022-03-25 15:47:34,564-root-WARNING-Too high Temp
2022-03-25 15:47:34,728-root-WARNING-Too high Temp
2022-03-25 15:47:34,728-root-WARNING-Too high Temp
2022-03-25 15:47:34,895-root-WARNING-Too high Temp
2022-03-25 15:47:34,895-root-WARNING-Too high Temp
2022-03-25 15:47:35,061-root-WARNING-Too high Temp
2022-03-25 15:47:35,061-root-WARNING-Too high Temp
2022-03-25 15:47:35,236-root-WARNING-Too high Temp
2022-03-25 15:47:35,236-root-WARNING-Too high Temp
2022-03-25 15:47:35,395-root-WARNING-Too high Temp
2022-03-25 15:47:35,395-root-WARNING-Too high Temp
2022-03-25 15:47:35,561-root-WARNING-Too high Temp
2022-03-25 15:47:35,561-root-WARNING-Too high Temp
2022-03-25 15:47:35,727-root-WARNING-Too high Temp
2022-03-25 15:47:35,728-root-WARNING-Too high Temp
2022-03-25 15:47:35,895-root-WARNING-Too high Temp
2022-03-25 15:47:35,895-root-WARNING-Too high Temp
2022-03-25 15:47:36,068-root-WARNING-Too high Temp
2022-03-25 15:47:36,072-root-WARNING-Too high Temp
2022-03-25 15:47:36,228-root-WARNING-Too high Temp
2022-03-25 15:47:36,228-root-WARNING-Too high Temp
2022-03-25 15:47:36,396-root-WARNING-Too high Temp
2022-03-25 15:47:36,396-root-WARNING-Too high Temp
2022-03-25 15:47:36,561-root-WARNING-Too high Temp
2022-03-25 15:47:36,561-root-WARNING-Too high Temp
2022-03-25 15:47:36,728-root-WARNING-Too high Temp
2022-03-25 15:47:36,728-root-WARNING-Too high Temp
2022-03-25 15:47:36,900-root-WARNING-Too high Temp
2022-03-25 15:47:36,901-root-WARNING-Too high Temp
2022-03-25 15:47:37,061-root-WARNING-Too high Temp
2022-03-25 15:47:37,061-root-WARNING-Too high Temp
2022-03-25 15:47:37,228-root-WARNING-Too high Temp
2022-03-25 15:47:37,228-root-WARNING-Too high Temp
2022-03-25 15:47:37,394-root-WARNING-Too high Temp
2022-03-25 15:47:37,395-root-WARNING-Too high Temp
2022-03-25 15:47:37,561-root-WARNING-Too high Temp
2022-03-25 15:47:37,561-root-WARNING-Too high Temp
2022-03-25 15:47:37,698-root-INFO-Temp : 70.63 RPM : 0
2022-03-25 15:47:37,699-root-INFO-Temp : 70.63 RPM : 0
2022-03-25 15:47:37,730-root-WARNING-Too high Temp
2022-03-25 15:47:37,731-root-WARNING-Too high Temp
2022-03-25 15:47:37,894-root-WARNING-Too high Temp
2022-03-25 15:47:37,895-root-WARNING-Too high Temp
2022-03-25 15:47:38,061-root-WARNING-Too high Temp
2022-03-25 15:47:38,061-root-WARNING-Too high Temp
2022-03-25 15:47:38,228-root-WARNING-Too high Temp
2022-03-25 15:47:38,228-root-WARNING-Too high Temp
2022-03-25 15:47:38,394-root-WARNING-Too high Temp
2022-03-25 15:47:38,394-root-WARNING-Too high Temp
2022-03-25 15:47:38,561-root-WARNING-Too high Temp
2022-03-25 15:47:38,561-root-WARNING-Too high Temp
2022-03-25 15:47:38,727-root-WARNING-Too high Temp
2022-03-25 15:47:38,728-root-WARNING-Too high Temp
2022-03-25 15:47:38,894-root-WARNING-Too high Temp
2022-03-25 15:47:38,895-root-WARNING-Too high Temp
2022-03-25 15:47:39,061-root-WARNING-Too high Temp
2022-03-25 15:47:39,061-root-WARNING-Too high Temp
2022-03-25 15:47:39,228-root-WARNING-Too high Temp
2022-03-25 15:47:39,229-root-WARNING-Too high Temp
2022-03-25 15:47:39,394-root-WARNING-Too high Temp
2022-03-25 15:47:39,395-root-WARNING-Too high Temp
2022-03-25 15:47:39,560-root-WARNING-Too high Temp
2022-03-25 15:47:39,561-root-WARNING-Too high Temp
2022-03-25 15:47:39,728-root-WARNING-Too high Temp
2022-03-25 15:47:39,729-root-WARNING-Too high Temp
2022-03-25 15:47:39,894-root-WARNING-Too high Temp
2022-03-25 15:47:39,894-root-WARNING-Too high Temp
2022-03-25 15:47:40,068-root-WARNING-Too high Temp
2022-03-25 15:47:40,069-root-WARNING-Too high Temp
2022-03-25 15:47:40,227-root-WARNING-Too high Temp
2022-03-25 15:47:40,227-root-WARNING-Too high Temp
2022-03-25 15:47:40,394-root-WARNING-Too high Temp
2022-03-25 15:47:40,394-root-WARNING-Too high Temp
2022-03-25 15:47:40,560-root-WARNING-Too high Temp
2022-03-25 15:47:40,560-root-WARNING-Too high Temp
2022-03-25 15:47:40,727-root-WARNING-Too high Temp
2022-03-25 15:47:40,728-root-WARNING-Too high Temp
2022-03-25 15:50:34,886-werkzeug-INFO- * Running on http://0.0.0.0:8080/ (Press CTRL+C to quit)
2022-03-25 15:50:40,795-root-INFO-Temp : 25.85 RPM : 0
2022-03-25 15:50:40,795-root-INFO-Temp : 25.85 RPM : 0
2022-03-25 15:50:41,949-werkzeug-INFO-172.30.1.24 - - [25/Mar/2022 15:50:41] "[37mGET / HTTP/1.1[0m" 200 -
2022-03-25 15:50:42,200-werkzeug-INFO-172.30.1.24 - - [25/Mar/2022 15:50:42] "[37mGET /video HTTP/1.1[0m" 200 -
2022-03-25 15:50:42,487-werkzeug-INFO-172.30.1.24 - - [25/Mar/2022 15:50:42] "[33mGET /favicon.ico HTTP/1.1[0m" 404 -
2022-03-25 15:50:45,468-root-INFO-Temp : 25.81 RPM : 0
2022-03-25 15:50:45,468-root-INFO-Temp : 25.81 RPM : 0
2022-03-25 15:50:50,629-root-INFO-Temp : 26.09 RPM : 0
2022-03-25 15:50:50,630-root-INFO-Temp : 26.09 RPM : 0
2022-03-25 15:50:55,719-root-INFO-Temp : 27.34 RPM : 0
2022-03-25 15:50:55,722-root-INFO-Temp : 27.34 RPM : 0
2022-03-25 15:51:00,704-root-INFO-Temp : 28.24 RPM : 0
2022-03-25 15:51:00,704-root-INFO-Temp : 28.24 RPM : 0
2022-03-25 15:51:05,796-root-INFO-Temp : 28.74 RPM : 0
2022-03-25 15:51:05,797-root-INFO-Temp : 28.74 RPM : 0
2022-03-25 15:51:10,872-root-INFO-Temp : 29.28 RPM : 0
2022-03-25 15:51:10,873-root-INFO-Temp : 29.28 RPM : 0
2022-03-25 15:51:15,946-root-INFO-Temp : 29.84 RPM : 0
2022-03-25 15:51:15,958-root-INFO-Temp : 29.84 RPM : 0
2022-03-25 15:51:21,116-root-INFO-Temp : 30.61 RPM : 0
2022-03-25 15:51:21,122-root-INFO-Temp : 30.61 RPM : 0
2022-03-25 15:51:23,277-root-WARNING-Too high Vibration
2022-03-25 15:51:23,277-root-WARNING-Too high Vibration
2022-03-25 15:51:23,510-root-WARNING-Too high Vibration
2022-03-25 15:51:23,511-root-WARNING-Too high Vibration
2022-03-25 15:51:23,763-root-WARNING-Too high Vibration
2022-03-25 15:51:23,764-root-WARNING-Too high Vibration
2022-03-25 15:51:23,993-root-WARNING-Too high Vibration
2022-03-25 15:51:23,995-root-WARNING-Too high Vibration
2022-03-25 15:51:24,228-root-WARNING-Too high Vibration
2022-03-25 15:51:24,228-root-WARNING-Too high Vibration
2022-03-25 15:51:24,475-root-WARNING-Too high Vibration
2022-03-25 15:51:24,476-root-WARNING-Too high Vibration
2022-03-25 15:51:24,721-root-WARNING-Too high Vibration
2022-03-25 15:51:24,721-root-WARNING-Too high Vibration
2022-03-25 15:51:24,965-root-WARNING-Too high Vibration
2022-03-25 15:51:24,965-root-WARNING-Too high Vibration
2022-03-25 15:51:25,199-root-WARNING-Too high Vibration
2022-03-25 15:51:25,199-root-WARNING-Too high Vibration
2022-03-25 15:51:25,423-root-WARNING-Too high Vibration
2022-03-25 15:51:25,425-root-WARNING-Too high Vibration
2022-03-25 15:51:25,653-root-WARNING-Too high Vibration
2022-03-25 15:51:25,653-root-WARNING-Too high Vibration
2022-03-25 15:51:25,859-root-INFO-Temp : 31.28 RPM : 0
2022-03-25 15:51:25,859-root-INFO-Temp : 31.28 RPM : 0
2022-03-25 15:51:25,904-root-WARNING-Too high Vibration
2022-03-25 15:51:25,905-root-WARNING-Too high Vibration
2022-03-25 15:51:26,128-root-WARNING-Too high Vibration
2022-03-25 15:51:26,133-root-WARNING-Too high Vibration
2022-03-25 15:51:26,400-root-WARNING-Too high Vibration
2022-03-25 15:51:26,401-root-WARNING-Too high Vibration
2022-03-25 15:51:26,662-root-WARNING-Too high Vibration
2022-03-25 15:51:26,662-root-WARNING-Too high Vibration
2022-03-25 15:51:26,912-root-WARNING-Too high Vibration
2022-03-25 15:51:26,912-root-WARNING-Too high Vibration
2022-03-25 15:51:27,204-root-WARNING-Too high Vibration
2022-03-25 15:51:27,207-root-WARNING-Too high Vibration
2022-03-25 15:51:27,517-root-WARNING-Too high Vibration
2022-03-25 15:51:27,518-root-WARNING-Too high Vibration
2022-03-25 15:51:28,240-root-WARNING-Too high Vibration
2022-03-25 15:51:28,241-root-WARNING-Too high Vibration
2022-03-25 15:51:30,520-root-WARNING-Too high Vibration
2022-03-25 15:51:30,522-root-WARNING-Too high Vibration
2022-03-25 15:51:30,975-root-INFO-Temp : 31.43 RPM : 0
2022-03-25 15:51:30,975-root-INFO-Temp : 31.43 RPM : 0
2022-03-25 15:51:31,037-root-WARNING-Too high Vibration
2022-03-25 15:51:31,039-root-WARNING-Too high Vibration
2022-03-25 15:51:31,527-root-WARNING-Too high Vibration
2022-03-25 15:51:31,530-root-WARNING-Too high Vibration
2022-03-25 15:51:31,853-root-WARNING-Too high Vibration
2022-03-25 15:51:31,853-root-WARNING-Too high Vibration
2022-03-25 15:51:32,124-root-WARNING-Too high Vibration
2022-03-25 15:51:32,127-root-WARNING-Too high Vibration
2022-03-25 15:51:32,619-root-WARNING-Too high Vibration
2022-03-25 15:51:32,620-root-WARNING-Too high Vibration
2022-03-25 15:51:32,884-root-WARNING-Too high Vibration
2022-03-25 15:51:32,885-root-WARNING-Too high Vibration
2022-03-25 15:51:33,113-root-WARNING-Too high Vibration
2022-03-25 15:51:33,114-root-WARNING-Too high Vibration
2022-03-25 15:51:33,561-root-WARNING-Too high Vibration
2022-03-25 15:51:33,561-root-WARNING-Too high Vibration
2022-03-25 15:51:33,800-root-WARNING-Too high Vibration
2022-03-25 15:51:33,800-root-WARNING-Too high Vibration
2022-03-25 15:51:36,034-root-INFO-Temp : 31.53 RPM : 0
2022-03-25 15:51:36,035-root-INFO-Temp : 31.53 RPM : 0
2022-03-25 15:51:39,722-root-INFO-Temp : 31.49 RPM : 0
2022-03-25 15:51:39,723-root-INFO-Temp : 31.49 RPM : 0
