2022-04-08 16:29:53,733-root-INFO-Production : 0 Temperature : 21.3 RPM : 0.0 Vibration : 0.01
2022-04-08 16:29:53,739-root-INFO-Production : 0 Temperature : 21.3 RPM : 0.0 Vibration : 0.01
2022-04-08 16:30:19,294-root-INFO-Production : 0 Temperature : 21.4 RPM : 0.0 Vibration : 0.01
2022-04-08 16:30:19,298-root-INFO-Production : 0 Temperature : 21.4 RPM : 0.0 Vibration : 0.01
2022-04-08 16:30:24,001-root-INFO-Production : 0 Temperature : 21.4 RPM : 0.0 Vibration : 0.01
2022-04-08 16:30:24,002-root-INFO-Production : 0 Temperature : 21.4 RPM : 0.0 Vibration : 0.01
2022-04-08 16:30:28,733-root-INFO-Production : 0 Temperature : 21.6 RPM : 0.0 Vibration : 0.01
2022-04-08 16:30:28,733-root-INFO-Production : 0 Temperature : 21.6 RPM : 0.0 Vibration : 0.01
2022-04-08 16:34:08,298-root-WARNING-Too high Temp
2022-04-08 16:34:08,381-root-WARNING-Too high Temp
2022-04-08 16:34:08,538-root-WARNING-Too high Temp
2022-04-08 16:34:08,539-root-WARNING-Too high Temp
2022-04-08 16:34:08,706-root-WARNING-Too high Temp
2022-04-08 16:34:08,706-root-WARNING-Too high Temp
2022-04-08 16:34:08,887-root-WARNING-Too high Temp
2022-04-08 16:34:08,887-root-WARNING-Too high Temp
2022-04-08 16:34:09,053-root-WARNING-Too high Temp
2022-04-08 16:34:09,053-root-WARNING-Too high Temp
2022-04-08 16:34:09,237-root-WARNING-Too high Temp
2022-04-08 16:34:09,237-root-WARNING-Too high Temp
2022-04-08 16:34:09,412-root-WARNING-Too high Temp
2022-04-08 16:34:09,412-root-WARNING-Too high Temp
2022-04-08 16:34:11,069-root-INFO-Production : 0 Temperature : 21.6 RPM : 0.0 Vibration : 0.01
2022-04-08 16:34:11,073-root-INFO-Production : 0 Temperature : 21.6 RPM : 0.0 Vibration : 0.01
2022-04-08 16:34:14,412-root-INFO-Production : 0 Temperature : 21.7 RPM : 0.0 Vibration : 0.01
2022-04-08 16:34:14,412-root-INFO-Production : 0 Temperature : 21.7 RPM : 0.0 Vibration : 0.01
2022-04-08 16:34:17,746-root-INFO-Production : 0 Temperature : 21.6 RPM : 0.0 Vibration : 0.01
2022-04-08 16:34:17,747-root-INFO-Production : 0 Temperature : 21.6 RPM : 0.0 Vibration : 0.01
2022-04-08 16:34:21,078-root-INFO-Production : 0 Temperature : 21.7 RPM : 0.0 Vibration : 0.01
2022-04-08 16:34:21,225-root-INFO-Production : 0 Temperature : 21.7 RPM : 0.0 Vibration : 0.01
2022-04-08 16:34:24,410-root-INFO-Production : 0 Temperature : 21.6 RPM : 0.0 Vibration : 0.01
2022-04-08 16:34:24,411-root-INFO-Production : 0 Temperature : 21.6 RPM : 0.0 Vibration : 0.01
2022-04-08 16:34:27,743-root-INFO-Production : 0 Temperature : 21.6 RPM : 0.0 Vibration : 0.01
2022-04-08 16:34:27,743-root-INFO-Production : 0 Temperature : 21.6 RPM : 0.0 Vibration : 0.01
2022-04-08 16:34:31,075-root-INFO-Production : 1 Temperature : 21.6 RPM : 0.0 Vibration : 0.01
2022-04-08 16:34:31,076-root-INFO-Production : 1 Temperature : 21.6 RPM : 0.0 Vibration : 0.01
2022-04-08 16:34:34,409-root-INFO-Production : 2 Temperature : 21.9 RPM : 0.0 Vibration : 0.01
2022-04-08 16:34:34,410-root-INFO-Production : 2 Temperature : 21.9 RPM : 0.0 Vibration : 0.01
2022-04-08 16:34:37,751-root-INFO-Production : 2 Temperature : 21.9 RPM : 0.0 Vibration : 0.01
2022-04-08 16:34:37,751-root-INFO-Production : 2 Temperature : 21.9 RPM : 0.0 Vibration : 0.01
2022-04-08 16:34:41,119-root-INFO-Production : 2 Temperature : 21.9 RPM : 0.0 Vibration : 0.01
2022-04-08 16:34:41,120-root-INFO-Production : 2 Temperature : 21.9 RPM : 0.0 Vibration : 0.01
2022-04-08 16:34:44,609-root-INFO-Production : 2 Temperature : 21.8 RPM : 0.0 Vibration : 0.01
2022-04-08 16:34:44,609-root-INFO-Production : 2 Temperature : 21.8 RPM : 0.0 Vibration : 0.01
2022-04-08 16:34:48,668-root-INFO-Production : 2 Temperature : 21.8 RPM : 0.0 Vibration : 0.00
2022-04-08 16:34:48,669-root-INFO-Production : 2 Temperature : 21.8 RPM : 0.0 Vibration : 0.00
2022-04-08 16:34:49,879-Stream-ERROR-Exception on /log/today [GET]
Traceback (most recent call last):
  File "/usr/lib/python3/dist-packages/flask/app.py", line 2447, in wsgi_app
    response = self.full_dispatch_request()
  File "/usr/lib/python3/dist-packages/flask/app.py", line 1952, in full_dispatch_request
    rv = self.handle_user_exception(e)
  File "/usr/lib/python3/dist-packages/flask/app.py", line 1821, in handle_user_exception
    reraise(exc_type, exc_value, tb)
  File "/usr/lib/python3/dist-packages/flask/_compat.py", line 39, in reraise
    raise value
  File "/usr/lib/python3/dist-packages/flask/app.py", line 1950, in full_dispatch_request
    rv = self.dispatch_request()
  File "/usr/lib/python3/dist-packages/flask/app.py", line 1936, in dispatch_request
    return self.view_functions[rule.endpoint](**req.view_args)
  File "/home/pi/realtime_monitoring/Stream.py", line 255, in today_log
    f = open(file_name,'r')
FileNotFoundError: [Errno 2] No such file or directory: 'log/2022-04-08server.log'
2022-04-08 16:34:52,253-root-INFO-Production : 2 Temperature : 21.9 RPM : 0.0 Vibration : 0.01
2022-04-08 16:34:52,254-root-INFO-Production : 2 Temperature : 21.9 RPM : 0.0 Vibration : 0.01
2022-04-08 16:34:55,865-Stream-ERROR-Exception on /log/all [GET]
Traceback (most recent call last):
  File "/usr/lib/python3/dist-packages/flask/app.py", line 2447, in wsgi_app
    response = self.full_dispatch_request()
  File "/usr/lib/python3/dist-packages/flask/app.py", line 1952, in full_dispatch_request
    rv = self.handle_user_exception(e)
  File "/usr/lib/python3/dist-packages/flask/app.py", line 1821, in handle_user_exception
    reraise(exc_type, exc_value, tb)
  File "/usr/lib/python3/dist-packages/flask/_compat.py", line 39, in reraise
    raise value
  File "/usr/lib/python3/dist-packages/flask/app.py", line 1950, in full_dispatch_request
    rv = self.dispatch_request()
  File "/usr/lib/python3/dist-packages/flask/app.py", line 1936, in dispatch_request
    return self.view_functions[rule.endpoint](**req.view_args)
  File "/home/pi/realtime_monitoring/Stream.py", line 267, in all_log
    f = open('log/server.log','r')
FileNotFoundError: [Errno 2] No such file or directory: 'log/server.log'
2022-04-08 16:34:56,165-root-INFO-Production : 2 Temperature : 21.7 RPM : 0.0 Vibration : 0.01
2022-04-08 16:34:56,165-root-INFO-Production : 2 Temperature : 21.7 RPM : 0.0 Vibration : 0.01
2022-04-08 16:34:59,845-root-INFO-Production : 2 Temperature : 21.7 RPM : 0.0 Vibration : 0.01
2022-04-08 16:34:59,845-root-INFO-Production : 2 Temperature : 21.7 RPM : 0.0 Vibration : 0.01
2022-04-08 16:35:04,480-root-INFO-Production : 2 Temperature : 21.7 RPM : 0.0 Vibration : 0.01
2022-04-08 16:35:04,481-root-INFO-Production : 2 Temperature : 21.7 RPM : 0.0 Vibration : 0.01
2022-04-08 16:35:09,064-root-INFO-Production : 3 Temperature : 21.7 RPM : 0.0 Vibration : 0.00
2022-04-08 16:35:09,064-root-INFO-Production : 3 Temperature : 21.7 RPM : 0.0 Vibration : 0.00
2022-04-08 16:35:13,678-root-INFO-Production : 6 Temperature : 21.7 RPM : 0.0 Vibration : 0.01
2022-04-08 16:35:13,679-root-INFO-Production : 6 Temperature : 21.7 RPM : 0.0 Vibration : 0.01
2022-04-08 16:35:19,043-root-INFO-Production : 6 Temperature : 21.6 RPM : 0.0 Vibration : 0.01
2022-04-08 16:35:19,046-root-INFO-Production : 6 Temperature : 21.6 RPM : 0.0 Vibration : 0.01
2022-04-08 16:35:23,910-root-INFO-Production : 6 Temperature : 21.6 RPM : 0.0 Vibration : 0.01
2022-04-08 16:35:23,910-root-INFO-Production : 6 Temperature : 21.6 RPM : 0.0 Vibration : 0.01
2022-04-08 16:35:28,639-root-INFO-Production : 6 Temperature : 21.6 RPM : 0.0 Vibration : 0.01
2022-04-08 16:35:28,639-root-INFO-Production : 6 Temperature : 21.6 RPM : 0.0 Vibration : 0.01
2022-04-08 16:35:33,696-root-INFO-Production : 6 Temperature : 21.6 RPM : 0.0 Vibration : 0.01
2022-04-08 16:35:33,701-root-INFO-Production : 6 Temperature : 21.6 RPM : 0.0 Vibration : 0.01
2022-04-08 16:35:38,606-root-INFO-Production : 6 Temperature : 21.6 RPM : 0.0 Vibration : 0.02
2022-04-08 16:35:38,607-root-INFO-Production : 6 Temperature : 21.6 RPM : 0.0 Vibration : 0.02
2022-04-08 16:35:43,469-root-INFO-Production : 6 Temperature : 21.6 RPM : 0.0 Vibration : 0.02
2022-04-08 16:35:43,470-root-INFO-Production : 6 Temperature : 21.6 RPM : 0.0 Vibration : 0.02
2022-04-08 16:35:48,412-root-INFO-Production : 6 Temperature : 21.6 RPM : 0.0 Vibration : 0.01
2022-04-08 16:35:48,412-root-INFO-Production : 6 Temperature : 21.6 RPM : 0.0 Vibration : 0.01
2022-04-08 16:35:53,215-root-INFO-Production : 6 Temperature : 21.5 RPM : 0.0 Vibration : 0.01
2022-04-08 16:35:53,216-root-INFO-Production : 6 Temperature : 21.5 RPM : 0.0 Vibration : 0.01
2022-04-08 16:35:57,984-root-INFO-Production : 6 Temperature : 21.5 RPM : 0.0 Vibration : 0.01
2022-04-08 16:35:57,984-root-INFO-Production : 6 Temperature : 21.5 RPM : 0.0 Vibration : 0.01
2022-04-08 16:36:02,848-root-INFO-Production : 6 Temperature : 21.5 RPM : 0.0 Vibration : 0.01
2022-04-08 16:36:02,849-root-INFO-Production : 6 Temperature : 21.5 RPM : 0.0 Vibration : 0.01
2022-04-08 16:36:07,564-root-INFO-Production : 6 Temperature : 21.6 RPM : 0.0 Vibration : 0.01
2022-04-08 16:36:07,565-root-INFO-Production : 6 Temperature : 21.6 RPM : 0.0 Vibration : 0.01
2022-04-08 16:36:12,330-root-INFO-Production : 6 Temperature : 21.6 RPM : 0.0 Vibration : 0.01
2022-04-08 16:36:12,332-root-INFO-Production : 6 Temperature : 21.6 RPM : 0.0 Vibration : 0.01
2022-04-08 16:36:17,045-root-INFO-Production : 6 Temperature : 21.5 RPM : 0.0 Vibration : 0.02
2022-04-08 16:36:17,046-root-INFO-Production : 6 Temperature : 21.5 RPM : 0.0 Vibration : 0.02
2022-04-08 16:36:21,777-root-INFO-Production : 6 Temperature : 21.5 RPM : 0.0 Vibration : 0.02
2022-04-08 16:36:21,778-root-INFO-Production : 6 Temperature : 21.5 RPM : 0.0 Vibration : 0.02
2022-04-08 16:36:26,564-root-INFO-Production : 6 Temperature : 21.5 RPM : 0.0 Vibration : 0.01
2022-04-08 16:36:26,565-root-INFO-Production : 6 Temperature : 21.5 RPM : 0.0 Vibration : 0.01
2022-04-08 16:36:31,318-root-INFO-Production : 6 Temperature : 21.5 RPM : 0.0 Vibration : 0.01
2022-04-08 16:36:31,319-root-INFO-Production : 6 Temperature : 21.5 RPM : 0.0 Vibration : 0.01
2022-04-08 16:36:36,085-root-INFO-Production : 6 Temperature : 21.5 RPM : 0.0 Vibration : 0.01
2022-04-08 16:36:36,086-root-INFO-Production : 6 Temperature : 21.5 RPM : 0.0 Vibration : 0.01
2022-04-08 16:36:41,045-root-INFO-Production : 6 Temperature : 21.5 RPM : 0.0 Vibration : 0.01
2022-04-08 16:36:41,046-root-INFO-Production : 6 Temperature : 21.5 RPM : 0.0 Vibration : 0.01
2022-04-08 16:36:45,826-root-INFO-Production : 6 Temperature : 21.5 RPM : 0.0 Vibration : 0.01
2022-04-08 16:36:45,827-root-INFO-Production : 6 Temperature : 21.5 RPM : 0.0 Vibration : 0.01
2022-04-08 16:36:50,474-root-INFO-Production : 6 Temperature : 21.5 RPM : 0.0 Vibration : 0.01
2022-04-08 16:36:50,475-root-INFO-Production : 6 Temperature : 21.5 RPM : 0.0 Vibration : 0.01
2022-04-08 16:36:55,342-root-INFO-Production : 6 Temperature : 21.5 RPM : 0.0 Vibration : 0.01
2022-04-08 16:36:55,343-root-INFO-Production : 6 Temperature : 21.5 RPM : 0.0 Vibration : 0.01
2022-04-08 16:37:00,158-root-INFO-Production : 6 Temperature : 21.5 RPM : 0.0 Vibration : 0.01
2022-04-08 16:37:00,159-root-INFO-Production : 6 Temperature : 21.5 RPM : 0.0 Vibration : 0.01
2022-04-08 16:37:04,963-root-INFO-Production : 6 Temperature : 21.5 RPM : 0.0 Vibration : 0.01
2022-04-08 16:37:04,964-root-INFO-Production : 6 Temperature : 21.5 RPM : 0.0 Vibration : 0.01
2022-04-08 16:37:09,776-root-INFO-Production : 6 Temperature : 21.5 RPM : 0.0 Vibration : 0.01
2022-04-08 16:37:09,776-root-INFO-Production : 6 Temperature : 21.5 RPM : 0.0 Vibration : 0.01
2022-04-08 16:37:14,580-root-INFO-Production : 6 Temperature : 21.5 RPM : 0.0 Vibration : 0.01
2022-04-08 16:37:14,581-root-INFO-Production : 6 Temperature : 21.5 RPM : 0.0 Vibration : 0.01
2022-04-08 16:37:19,689-root-INFO-Production : 6 Temperature : 21.5 RPM : 0.0 Vibration : 0.01
2022-04-08 16:37:19,690-root-INFO-Production : 6 Temperature : 21.5 RPM : 0.0 Vibration : 0.01
2022-04-08 16:37:24,683-root-INFO-Production : 6 Temperature : 21.5 RPM : 0.0 Vibration : 0.02
2022-04-08 16:37:24,685-root-INFO-Production : 6 Temperature : 21.5 RPM : 0.0 Vibration : 0.02
2022-04-08 16:37:29,428-root-INFO-Production : 6 Temperature : 21.5 RPM : 0.0 Vibration : 0.01
2022-04-08 16:37:29,429-root-INFO-Production : 6 Temperature : 21.5 RPM : 0.0 Vibration : 0.01
2022-04-08 16:37:34,506-root-INFO-Production : 6 Temperature : 21.5 RPM : 0.0 Vibration : 0.02
2022-04-08 16:37:34,507-root-INFO-Production : 6 Temperature : 21.5 RPM : 0.0 Vibration : 0.02
2022-04-08 16:37:39,403-root-INFO-Production : 6 Temperature : 21.5 RPM : 0.0 Vibration : 0.00
2022-04-08 16:37:39,403-root-INFO-Production : 6 Temperature : 21.5 RPM : 0.0 Vibration : 0.00
2022-04-08 16:37:44,364-root-INFO-Production : 6 Temperature : 21.5 RPM : 0.0 Vibration : 0.01
2022-04-08 16:37:44,365-root-INFO-Production : 6 Temperature : 21.5 RPM : 0.0 Vibration : 0.01
2022-04-08 16:37:49,214-root-INFO-Production : 6 Temperature : 21.5 RPM : 0.0 Vibration : 0.00
2022-04-08 16:37:49,215-root-INFO-Production : 6 Temperature : 21.5 RPM : 0.0 Vibration : 0.00
2022-04-08 16:37:54,056-root-INFO-Production : 6 Temperature : 21.5 RPM : 0.0 Vibration : 0.02
2022-04-08 16:37:54,056-root-INFO-Production : 6 Temperature : 21.5 RPM : 0.0 Vibration : 0.02
2022-04-08 16:37:59,075-root-INFO-Production : 6 Temperature : 21.5 RPM : 0.0 Vibration : 0.01
2022-04-08 16:37:59,076-root-INFO-Production : 6 Temperature : 21.5 RPM : 0.0 Vibration : 0.01
2022-04-08 16:38:03,962-root-INFO-Production : 6 Temperature : 21.5 RPM : 0.0 Vibration : 0.01
2022-04-08 16:38:03,967-root-INFO-Production : 6 Temperature : 21.5 RPM : 0.0 Vibration : 0.01
2022-04-08 16:38:08,835-root-INFO-Production : 6 Temperature : 21.5 RPM : 0.0 Vibration : 0.01
2022-04-08 16:38:08,836-root-INFO-Production : 6 Temperature : 21.5 RPM : 0.0 Vibration : 0.01
2022-04-08 16:38:13,849-root-INFO-Production : 6 Temperature : 21.5 RPM : 0.0 Vibration : 0.01
2022-04-08 16:38:13,855-root-INFO-Production : 6 Temperature : 21.5 RPM : 0.0 Vibration : 0.01
2022-04-08 16:38:18,484-root-INFO-Production : 6 Temperature : 21.5 RPM : 0.0 Vibration : 0.01
2022-04-08 16:38:18,485-root-INFO-Production : 6 Temperature : 21.5 RPM : 0.0 Vibration : 0.01
2022-04-08 16:38:23,372-root-INFO-Production : 6 Temperature : 21.5 RPM : 0.0 Vibration : 0.01
2022-04-08 16:38:23,373-root-INFO-Production : 6 Temperature : 21.5 RPM : 0.0 Vibration : 0.01
2022-04-08 16:38:28,206-root-INFO-Production : 6 Temperature : 21.5 RPM : 0.0 Vibration : 0.02
2022-04-08 16:38:28,206-root-INFO-Production : 6 Temperature : 21.5 RPM : 0.0 Vibration : 0.02
2022-04-08 16:38:33,037-root-INFO-Production : 6 Temperature : 21.5 RPM : 0.0 Vibration : 0.01
2022-04-08 16:38:33,038-root-INFO-Production : 6 Temperature : 21.5 RPM : 0.0 Vibration : 0.01
2022-04-08 16:38:37,715-root-INFO-Production : 6 Temperature : 21.5 RPM : 0.0 Vibration : 0.01
2022-04-08 16:38:37,716-root-INFO-Production : 6 Temperature : 21.5 RPM : 0.0 Vibration : 0.01
2022-04-08 16:38:42,468-root-INFO-Production : 6 Temperature : 21.5 RPM : 0.0 Vibration : 0.01
2022-04-08 16:38:42,471-root-INFO-Production : 6 Temperature : 21.5 RPM : 0.0 Vibration : 0.01
2022-04-08 16:38:47,312-root-INFO-Production : 6 Temperature : 21.5 RPM : 0.0 Vibration : 0.01
2022-04-08 16:38:47,313-root-INFO-Production : 6 Temperature : 21.5 RPM : 0.0 Vibration : 0.01
2022-04-08 16:38:52,068-root-INFO-Production : 6 Temperature : 21.5 RPM : 0.0 Vibration : 0.01
2022-04-08 16:38:52,068-root-INFO-Production : 6 Temperature : 21.5 RPM : 0.0 Vibration : 0.01
2022-04-08 16:38:56,744-root-INFO-Production : 6 Temperature : 21.5 RPM : 0.0 Vibration : 0.02
2022-04-08 16:38:56,745-root-INFO-Production : 6 Temperature : 21.5 RPM : 0.0 Vibration : 0.02
2022-04-08 16:39:01,584-root-INFO-Production : 6 Temperature : 21.5 RPM : 0.0 Vibration : 0.01
2022-04-08 16:39:01,585-root-INFO-Production : 6 Temperature : 21.5 RPM : 0.0 Vibration : 0.01
2022-04-08 16:39:06,341-root-INFO-Production : 6 Temperature : 21.5 RPM : 0.0 Vibration : 0.00
2022-04-08 16:39:06,341-root-INFO-Production : 6 Temperature : 21.5 RPM : 0.0 Vibration : 0.00
2022-04-08 16:39:11,208-root-INFO-Production : 6 Temperature : 21.6 RPM : 0.0 Vibration : 0.01
2022-04-08 16:39:11,209-root-INFO-Production : 6 Temperature : 21.6 RPM : 0.0 Vibration : 0.01
2022-04-08 16:39:15,932-root-INFO-Production : 6 Temperature : 21.8 RPM : 0.0 Vibration : 0.01
2022-04-08 16:39:15,933-root-INFO-Production : 6 Temperature : 21.8 RPM : 0.0 Vibration : 0.01
2022-04-08 16:39:20,908-root-INFO-Production : 6 Temperature : 21.8 RPM : 0.0 Vibration : 0.01
2022-04-08 16:39:20,908-root-INFO-Production : 6 Temperature : 21.8 RPM : 0.0 Vibration : 0.01
2022-04-08 16:39:25,753-root-INFO-Production : 6 Temperature : 21.8 RPM : 0.0 Vibration : 0.00
2022-04-08 16:39:25,756-root-INFO-Production : 6 Temperature : 21.8 RPM : 0.0 Vibration : 0.00
2022-04-08 16:39:30,519-root-INFO-Production : 6 Temperature : 21.8 RPM : 0.0 Vibration : 0.01
2022-04-08 16:39:30,520-root-INFO-Production : 6 Temperature : 21.8 RPM : 0.0 Vibration : 0.01
2022-04-08 16:39:35,312-root-INFO-Production : 6 Temperature : 21.8 RPM : 0.0 Vibration : 0.01
2022-04-08 16:39:35,312-root-INFO-Production : 6 Temperature : 21.8 RPM : 0.0 Vibration : 0.01
2022-04-08 16:39:40,174-root-INFO-Production : 6 Temperature : 21.7 RPM : 0.0 Vibration : 0.01
2022-04-08 16:39:40,175-root-INFO-Production : 6 Temperature : 21.7 RPM : 0.0 Vibration : 0.01
2022-04-08 16:39:44,799-root-INFO-Production : 6 Temperature : 21.7 RPM : 0.0 Vibration : 0.01
2022-04-08 16:39:44,800-root-INFO-Production : 6 Temperature : 21.7 RPM : 0.0 Vibration : 0.01
2022-04-08 16:39:49,635-root-INFO-Production : 6 Temperature : 21.7 RPM : 0.0 Vibration : 0.01
2022-04-08 16:39:49,635-root-INFO-Production : 6 Temperature : 21.7 RPM : 0.0 Vibration : 0.01
2022-04-08 16:39:54,347-root-INFO-Production : 6 Temperature : 21.7 RPM : 0.0 Vibration : 0.01
2022-04-08 16:39:54,348-root-INFO-Production : 6 Temperature : 21.7 RPM : 0.0 Vibration : 0.01
2022-04-08 16:39:59,272-root-INFO-Production : 6 Temperature : 21.8 RPM : 0.0 Vibration : 0.00
2022-04-08 16:39:59,276-root-INFO-Production : 6 Temperature : 21.8 RPM : 0.0 Vibration : 0.00
2022-04-08 16:40:04,004-root-INFO-Production : 6 Temperature : 21.7 RPM : 0.0 Vibration : 0.01
2022-04-08 16:40:04,004-root-INFO-Production : 6 Temperature : 21.7 RPM : 0.0 Vibration : 0.01
2022-04-08 16:40:08,789-root-INFO-Production : 6 Temperature : 21.7 RPM : 0.0 Vibration : 0.01
2022-04-08 16:40:08,790-root-INFO-Production : 6 Temperature : 21.7 RPM : 0.0 Vibration : 0.01
2022-04-08 16:40:13,552-root-INFO-Production : 6 Temperature : 21.8 RPM : 0.0 Vibration : 0.02
2022-04-08 16:40:13,553-root-INFO-Production : 6 Temperature : 21.8 RPM : 0.0 Vibration : 0.02
2022-04-08 16:40:17,043-root-INFO-Production : 6 Temperature : 21.8 RPM : 0.0 Vibration : 0.01
2022-04-08 16:40:17,043-root-INFO-Production : 6 Temperature : 21.8 RPM : 0.0 Vibration : 0.01
2022-04-08 16:42:10,476-root-INFO-Production : 0 | Temperature : 21.4 | Vibration : 0.02
2022-04-08 16:42:10,487-root-INFO-Production : 0 | Temperature : 21.4 | Vibration : 0.02
2022-04-08 16:42:13,861-root-INFO-Production : 0 | Temperature : 21.4 | Vibration : 0.01
2022-04-08 16:42:13,862-root-INFO-Production : 0 | Temperature : 21.4 | Vibration : 0.01
2022-04-08 16:42:17,215-root-INFO-Production : 0 | Temperature : 21.5 | Vibration : 0.01
2022-04-08 16:42:17,216-root-INFO-Production : 0 | Temperature : 21.5 | Vibration : 0.01
2022-04-08 16:42:20,550-root-INFO-Production : 0 | Temperature : 21.4 | Vibration : 0.01
2022-04-08 16:42:20,551-root-INFO-Production : 0 | Temperature : 21.4 | Vibration : 0.01
2022-04-08 16:42:24,919-Stream-ERROR-Exception on /log/today [GET]
Traceback (most recent call last):
  File "/usr/lib/python3/dist-packages/flask/app.py", line 2447, in wsgi_app
    response = self.full_dispatch_request()
  File "/usr/lib/python3/dist-packages/flask/app.py", line 1952, in full_dispatch_request
    rv = self.handle_user_exception(e)
  File "/usr/lib/python3/dist-packages/flask/app.py", line 1821, in handle_user_exception
    reraise(exc_type, exc_value, tb)
  File "/usr/lib/python3/dist-packages/flask/_compat.py", line 39, in reraise
    raise value
  File "/usr/lib/python3/dist-packages/flask/app.py", line 1950, in full_dispatch_request
    rv = self.dispatch_request()
  File "/usr/lib/python3/dist-packages/flask/app.py", line 1936, in dispatch_request
    return self.view_functions[rule.endpoint](**req.view_args)
  File "/home/pi/realtime_monitoring/Stream.py", line 263, in today_log
    if 'root' in fl[i] > 0:
TypeError: '>' not supported between instances of 'str' and 'int'
2022-04-08 16:42:25,088-root-INFO-Production : 0 | Temperature : 21.4 | Vibration : 0.01
2022-04-08 16:42:25,089-root-INFO-Production : 0 | Temperature : 21.4 | Vibration : 0.01
2022-04-08 16:42:28,501-root-INFO-Production : 0 | Temperature : 21.4 | Vibration : 0.01
2022-04-08 16:42:28,501-root-INFO-Production : 0 | Temperature : 21.4 | Vibration : 0.01
2022-04-08 16:42:32,079-root-INFO-Production : 0 | Temperature : 21.4 | Vibration : 0.01
2022-04-08 16:42:32,080-root-INFO-Production : 0 | Temperature : 21.4 | Vibration : 0.01
2022-04-08 16:42:33,206-Stream-ERROR-Exception on /log/today [GET]
Traceback (most recent call last):
  File "/usr/lib/python3/dist-packages/flask/app.py", line 2447, in wsgi_app
    response = self.full_dispatch_request()
  File "/usr/lib/python3/dist-packages/flask/app.py", line 1952, in full_dispatch_request
    rv = self.handle_user_exception(e)
  File "/usr/lib/python3/dist-packages/flask/app.py", line 1821, in handle_user_exception
    reraise(exc_type, exc_value, tb)
  File "/usr/lib/python3/dist-packages/flask/_compat.py", line 39, in reraise
    raise value
  File "/usr/lib/python3/dist-packages/flask/app.py", line 1950, in full_dispatch_request
    rv = self.dispatch_request()
  File "/usr/lib/python3/dist-packages/flask/app.py", line 1936, in dispatch_request
    return self.view_functions[rule.endpoint](**req.view_args)
  File "/home/pi/realtime_monitoring/Stream.py", line 263, in today_log
    if 'root' in fl[i] > 0:
TypeError: '>' not supported between instances of 'str' and 'int'
2022-04-08 16:44:32,989-Stream-ERROR-Exception on /log/today [GET]
Traceback (most recent call last):
  File "/usr/lib/python3/dist-packages/flask/app.py", line 2447, in wsgi_app
    response = self.full_dispatch_request()
  File "/usr/lib/python3/dist-packages/flask/app.py", line 1952, in full_dispatch_request
    rv = self.handle_user_exception(e)
  File "/usr/lib/python3/dist-packages/flask/app.py", line 1821, in handle_user_exception
    reraise(exc_type, exc_value, tb)
  File "/usr/lib/python3/dist-packages/flask/_compat.py", line 39, in reraise
    raise value
  File "/usr/lib/python3/dist-packages/flask/app.py", line 1950, in full_dispatch_request
    rv = self.dispatch_request()
  File "/usr/lib/python3/dist-packages/flask/app.py", line 1936, in dispatch_request
    return self.view_functions[rule.endpoint](**req.view_args)
  File "/home/pi/realtime_monitoring/Stream.py", line 263, in today_log
    if 'root' in fl[i] > 0:
TypeError: '>' not supported between instances of 'str' and 'int'
2022-04-08 16:44:35,937-root-INFO-Production : 0 | Temperature : 21.5 | Vibration : 0.01
2022-04-08 16:44:35,938-root-INFO-Production : 0 | Temperature : 21.5 | Vibration : 0.01
2022-04-08 16:44:39,564-root-INFO-Production : 0 | Temperature : 21.5 | Vibration : 0.01
2022-04-08 16:44:39,566-root-INFO-Production : 0 | Temperature : 21.5 | Vibration : 0.01
2022-04-08 16:44:40,266-Stream-ERROR-Exception on /log/today [GET]
Traceback (most recent call last):
  File "/usr/lib/python3/dist-packages/flask/app.py", line 2447, in wsgi_app
    response = self.full_dispatch_request()
  File "/usr/lib/python3/dist-packages/flask/app.py", line 1952, in full_dispatch_request
    rv = self.handle_user_exception(e)
  File "/usr/lib/python3/dist-packages/flask/app.py", line 1821, in handle_user_exception
    reraise(exc_type, exc_value, tb)
  File "/usr/lib/python3/dist-packages/flask/_compat.py", line 39, in reraise
    raise value
  File "/usr/lib/python3/dist-packages/flask/app.py", line 1950, in full_dispatch_request
    rv = self.dispatch_request()
  File "/usr/lib/python3/dist-packages/flask/app.py", line 1936, in dispatch_request
    return self.view_functions[rule.endpoint](**req.view_args)
  File "/home/pi/realtime_monitoring/Stream.py", line 263, in today_log
    if 'root' in fl[i] > 0:
TypeError: '>' not supported between instances of 'str' and 'int'
2022-04-08 16:44:43,160-root-INFO-Production : 0 | Temperature : 21.5 | Vibration : 0.02
2022-04-08 16:44:43,160-root-INFO-Production : 0 | Temperature : 21.5 | Vibration : 0.02
2022-04-08 16:44:46,481-root-INFO-Production : 0 | Temperature : 21.5 | Vibration : 0.01
2022-04-08 16:44:46,481-root-INFO-Production : 0 | Temperature : 21.5 | Vibration : 0.01
2022-04-08 16:44:49,832-root-INFO-Production : 0 | Temperature : 21.5 | Vibration : 0.01
2022-04-08 16:44:49,832-root-INFO-Production : 0 | Temperature : 21.5 | Vibration : 0.01
2022-04-08 16:44:53,148-root-INFO-Production : 0 | Temperature : 21.5 | Vibration : 0.01
2022-04-08 16:44:53,148-root-INFO-Production : 0 | Temperature : 21.5 | Vibration : 0.01
2022-04-08 16:44:56,483-root-INFO-Production : 0 | Temperature : 21.5 | Vibration : 0.01
2022-04-08 16:44:56,483-root-INFO-Production : 0 | Temperature : 21.5 | Vibration : 0.01
2022-04-08 16:44:59,811-root-INFO-Production : 0 | Temperature : 21.5 | Vibration : 0.01
2022-04-08 16:44:59,811-root-INFO-Production : 0 | Temperature : 21.5 | Vibration : 0.01
2022-04-08 16:45:03,162-root-INFO-Production : 0 | Temperature : 21.5 | Vibration : 0.00
2022-04-08 16:45:03,162-root-INFO-Production : 0 | Temperature : 21.5 | Vibration : 0.00
2022-04-08 16:45:06,476-root-INFO-Production : 0 | Temperature : 21.5 | Vibration : 0.01
2022-04-08 16:45:06,477-root-INFO-Production : 0 | Temperature : 21.5 | Vibration : 0.01
2022-04-08 16:45:09,816-root-INFO-Production : 0 | Temperature : 21.5 | Vibration : 0.01
2022-04-08 16:45:09,817-root-INFO-Production : 0 | Temperature : 21.5 | Vibration : 0.01
2022-04-08 16:45:13,142-root-INFO-Production : 0 | Temperature : 21.5 | Vibration : 0.02
2022-04-08 16:45:13,142-root-INFO-Production : 0 | Temperature : 21.5 | Vibration : 0.02
2022-04-08 16:45:16,474-root-INFO-Production : 0 | Temperature : 21.5 | Vibration : 0.01
2022-04-08 16:45:16,474-root-INFO-Production : 0 | Temperature : 21.5 | Vibration : 0.01
2022-04-08 16:45:19,808-root-INFO-Production : 0 | Temperature : 21.5 | Vibration : 0.01
2022-04-08 16:45:19,808-root-INFO-Production : 0 | Temperature : 21.5 | Vibration : 0.01
2022-04-08 16:45:23,139-root-INFO-Production : 0 | Temperature : 21.5 | Vibration : 0.01
2022-04-08 16:45:23,140-root-INFO-Production : 0 | Temperature : 21.5 | Vibration : 0.01
2022-04-08 16:45:26,479-root-INFO-Production : 0 | Temperature : 21.5 | Vibration : 0.02
2022-04-08 16:45:26,480-root-INFO-Production : 0 | Temperature : 21.5 | Vibration : 0.02
2022-04-08 16:45:29,806-root-INFO-Production : 0 | Temperature : 21.5 | Vibration : 0.01
2022-04-08 16:45:29,806-root-INFO-Production : 0 | Temperature : 21.5 | Vibration : 0.01
2022-04-08 16:45:33,153-root-INFO-Production : 0 | Temperature : 21.5 | Vibration : 0.01
2022-04-08 16:45:33,153-root-INFO-Production : 0 | Temperature : 21.5 | Vibration : 0.01
2022-04-08 16:45:36,470-root-INFO-Production : 0 | Temperature : 21.5 | Vibration : 0.01
2022-04-08 16:45:36,471-root-INFO-Production : 0 | Temperature : 21.5 | Vibration : 0.01
2022-04-08 16:45:39,803-root-INFO-Production : 0 | Temperature : 21.5 | Vibration : 0.01
2022-04-08 16:45:39,803-root-INFO-Production : 0 | Temperature : 21.5 | Vibration : 0.01
2022-04-08 16:45:43,135-root-INFO-Production : 0 | Temperature : 21.5 | Vibration : 0.01
2022-04-08 16:45:43,136-root-INFO-Production : 0 | Temperature : 21.5 | Vibration : 0.01
2022-04-08 16:45:46,469-root-INFO-Production : 0 | Temperature : 21.5 | Vibration : 0.01
2022-04-08 16:45:46,469-root-INFO-Production : 0 | Temperature : 21.5 | Vibration : 0.01
2022-04-08 16:45:49,808-root-INFO-Production : 0 | Temperature : 21.5 | Vibration : 0.01
2022-04-08 16:45:49,808-root-INFO-Production : 0 | Temperature : 21.5 | Vibration : 0.01
2022-04-08 16:45:53,133-root-INFO-Production : 0 | Temperature : 21.5 | Vibration : 0.01
2022-04-08 16:45:53,133-root-INFO-Production : 0 | Temperature : 21.5 | Vibration : 0.01
2022-04-08 16:45:56,466-root-INFO-Production : 0 | Temperature : 21.5 | Vibration : 0.01
2022-04-08 16:45:56,466-root-INFO-Production : 0 | Temperature : 21.5 | Vibration : 0.01
2022-04-08 16:45:59,798-root-INFO-Production : 0 | Temperature : 21.5 | Vibration : 0.01
2022-04-08 16:45:59,799-root-INFO-Production : 0 | Temperature : 21.5 | Vibration : 0.01
2022-04-08 16:46:03,147-root-INFO-Production : 0 | Temperature : 21.5 | Vibration : 0.01
2022-04-08 16:46:03,148-root-INFO-Production : 0 | Temperature : 21.5 | Vibration : 0.01
2022-04-08 16:46:06,471-root-INFO-Production : 0 | Temperature : 21.5 | Vibration : 0.01
2022-04-08 16:46:06,472-root-INFO-Production : 0 | Temperature : 21.5 | Vibration : 0.01
2022-04-08 16:46:09,797-root-INFO-Production : 0 | Temperature : 21.5 | Vibration : 0.01
2022-04-08 16:46:09,798-root-INFO-Production : 0 | Temperature : 21.5 | Vibration : 0.01
2022-04-08 16:46:13,129-root-INFO-Production : 0 | Temperature : 21.5 | Vibration : 0.01
2022-04-08 16:46:13,129-root-INFO-Production : 0 | Temperature : 21.5 | Vibration : 0.01
2022-04-08 16:46:16,463-root-INFO-Production : 0 | Temperature : 21.5 | Vibration : 0.01
2022-04-08 16:46:16,463-root-INFO-Production : 0 | Temperature : 21.5 | Vibration : 0.01
2022-04-08 16:46:19,803-root-INFO-Production : 0 | Temperature : 21.5 | Vibration : 0.01
2022-04-08 16:46:19,803-root-INFO-Production : 0 | Temperature : 21.5 | Vibration : 0.01
2022-04-08 16:46:27,594-root-INFO-Production : 0 | Temperature : 21.5 | Vibration : 0.02
2022-04-08 16:46:27,595-root-INFO-Production : 0 | Temperature : 21.5 | Vibration : 0.02
2022-04-08 16:46:30,934-root-INFO-Production : 0 | Temperature : 21.5 | Vibration : 0.01
2022-04-08 16:46:30,934-root-INFO-Production : 0 | Temperature : 21.5 | Vibration : 0.01
2022-04-08 16:46:34,269-root-INFO-Production : 0 | Temperature : 21.5 | Vibration : 0.01
2022-04-08 16:46:34,269-root-INFO-Production : 0 | Temperature : 21.5 | Vibration : 0.01
2022-04-08 16:46:37,599-root-INFO-Production : 0 | Temperature : 21.5 | Vibration : 0.01
2022-04-08 16:46:37,599-root-INFO-Production : 0 | Temperature : 21.5 | Vibration : 0.01
2022-04-08 16:46:40,933-root-INFO-Production : 0 | Temperature : 21.5 | Vibration : 0.01
2022-04-08 16:46:40,933-root-INFO-Production : 0 | Temperature : 21.5 | Vibration : 0.01
2022-04-08 16:46:44,318-root-INFO-Production : 0 | Temperature : 21.5 | Vibration : 0.01
2022-04-08 16:46:44,318-root-INFO-Production : 0 | Temperature : 21.5 | Vibration : 0.01
2022-04-08 16:46:47,588-root-INFO-Production : 0 | Temperature : 21.5 | Vibration : 0.01
2022-04-08 16:46:47,588-root-INFO-Production : 0 | Temperature : 21.5 | Vibration : 0.01
2022-04-08 16:46:50,921-root-INFO-Production : 0 | Temperature : 21.5 | Vibration : 0.01
2022-04-08 16:46:50,922-root-INFO-Production : 0 | Temperature : 21.5 | Vibration : 0.01
2022-04-08 16:46:54,253-root-INFO-Production : 0 | Temperature : 21.5 | Vibration : 0.01
2022-04-08 16:46:54,253-root-INFO-Production : 0 | Temperature : 21.5 | Vibration : 0.01
2022-04-08 16:46:57,605-root-INFO-Production : 0 | Temperature : 21.5 | Vibration : 0.01
2022-04-08 16:46:57,606-root-INFO-Production : 0 | Temperature : 21.5 | Vibration : 0.01
2022-04-08 16:47:00,919-root-INFO-Production : 0 | Temperature : 21.5 | Vibration : 0.01
2022-04-08 16:47:00,920-root-INFO-Production : 0 | Temperature : 21.5 | Vibration : 0.01
2022-04-08 16:47:04,251-root-INFO-Production : 0 | Temperature : 21.5 | Vibration : 0.01
2022-04-08 16:47:04,252-root-INFO-Production : 0 | Temperature : 21.5 | Vibration : 0.01
2022-04-08 16:47:07,584-root-INFO-Production : 0 | Temperature : 21.5 | Vibration : 0.01
2022-04-08 16:47:07,584-root-INFO-Production : 0 | Temperature : 21.5 | Vibration : 0.01
2022-04-08 16:47:10,926-root-INFO-Production : 0 | Temperature : 21.5 | Vibration : 0.01
2022-04-08 16:47:10,927-root-INFO-Production : 0 | Temperature : 21.5 | Vibration : 0.01
2022-04-08 16:47:15,406-root-INFO-Production : 0 | Temperature : 21.5 | Vibration : 0.01
2022-04-08 16:47:15,407-root-INFO-Production : 0 | Temperature : 21.5 | Vibration : 0.01
2022-04-08 16:47:18,691-root-INFO-Production : 0 | Temperature : 21.5 | Vibration : 0.01
2022-04-08 16:47:18,691-root-INFO-Production : 0 | Temperature : 21.5 | Vibration : 0.01
2022-04-08 16:47:21,917-root-INFO-Production : 0 | Temperature : 21.5 | Vibration : 0.01
2022-04-08 16:47:21,918-root-INFO-Production : 0 | Temperature : 21.5 | Vibration : 0.01
2022-04-08 16:47:25,574-root-INFO-Production : 0 | Temperature : 21.5 | Vibration : 0.01
2022-04-08 16:47:25,575-root-INFO-Production : 0 | Temperature : 21.5 | Vibration : 0.01
2022-04-08 16:47:29,244-root-INFO-Production : 0 | Temperature : 21.5 | Vibration : 0.02
2022-04-08 16:47:29,245-root-INFO-Production : 0 | Temperature : 21.5 | Vibration : 0.02
2022-04-08 16:47:33,339-root-INFO-Production : 0 | Temperature : 21.5 | Vibration : 0.01
2022-04-08 16:47:33,340-root-INFO-Production : 0 | Temperature : 21.5 | Vibration : 0.01
2022-04-08 16:47:36,580-root-INFO-Production : 0 | Temperature : 21.5 | Vibration : 0.01
2022-04-08 16:47:36,580-root-INFO-Production : 0 | Temperature : 21.5 | Vibration : 0.01
2022-04-08 16:47:39,910-root-INFO-Production : 0 | Temperature : 21.5 | Vibration : 0.01
2022-04-08 16:47:39,911-root-INFO-Production : 0 | Temperature : 21.5 | Vibration : 0.01
2022-04-08 16:47:43,243-root-INFO-Production : 0 | Temperature : 21.5 | Vibration : 0.01
2022-04-08 16:47:43,243-root-INFO-Production : 0 | Temperature : 21.5 | Vibration : 0.01
2022-04-08 16:47:46,576-root-INFO-Production : 0 | Temperature : 21.5 | Vibration : 0.01
2022-04-08 16:47:46,576-root-INFO-Production : 0 | Temperature : 21.5 | Vibration : 0.01
2022-04-08 16:47:49,910-root-INFO-Production : 0 | Temperature : 21.5 | Vibration : 0.01
2022-04-08 16:47:49,911-root-INFO-Production : 0 | Temperature : 21.5 | Vibration : 0.01
2022-04-08 16:47:53,241-root-INFO-Production : 0 | Temperature : 21.5 | Vibration : 0.01
2022-04-08 16:47:53,241-root-INFO-Production : 0 | Temperature : 21.5 | Vibration : 0.01
2022-04-08 16:47:56,575-root-INFO-Production : 0 | Temperature : 21.5 | Vibration : 0.01
2022-04-08 16:47:56,575-root-INFO-Production : 0 | Temperature : 21.5 | Vibration : 0.01
2022-04-08 16:47:59,907-root-INFO-Production : 0 | Temperature : 21.5 | Vibration : 0.01
2022-04-08 16:47:59,911-root-INFO-Production : 0 | Temperature : 21.5 | Vibration : 0.01
2022-04-08 16:48:03,239-root-INFO-Production : 0 | Temperature : 21.5 | Vibration : 0.01
2022-04-08 16:48:03,240-root-INFO-Production : 0 | Temperature : 21.5 | Vibration : 0.01
2022-04-08 16:48:06,574-root-INFO-Production : 0 | Temperature : 21.5 | Vibration : 0.01
2022-04-08 16:48:06,574-root-INFO-Production : 0 | Temperature : 21.5 | Vibration : 0.01
2022-04-08 16:48:14,437-root-INFO-Production : 0 | Temperature : 21.5 | Vibration : 0.01
2022-04-08 16:48:14,447-root-INFO-Production : 0 | Temperature : 21.5 | Vibration : 0.01
2022-04-08 16:48:17,703-root-INFO-Production : 0 | Temperature : 21.5 | Vibration : 0.01
2022-04-08 16:48:17,703-root-INFO-Production : 0 | Temperature : 21.5 | Vibration : 0.01
2022-04-08 16:48:21,152-root-INFO-Production : 0 | Temperature : 21.5 | Vibration : 0.01
2022-04-08 16:48:21,153-root-INFO-Production : 0 | Temperature : 21.5 | Vibration : 0.01
2022-04-08 16:48:24,457-root-INFO-Production : 0 | Temperature : 21.5 | Vibration : 0.01
2022-04-08 16:48:24,458-root-INFO-Production : 0 | Temperature : 21.5 | Vibration : 0.01
2022-04-08 16:48:27,736-root-INFO-Production : 0 | Temperature : 21.5 | Vibration : 0.01
2022-04-08 16:48:27,736-root-INFO-Production : 0 | Temperature : 21.5 | Vibration : 0.01
2022-04-08 16:48:31,091-root-INFO-Production : 0 | Temperature : 21.5 | Vibration : 0.01
2022-04-08 16:48:31,092-root-INFO-Production : 0 | Temperature : 21.5 | Vibration : 0.01
2022-04-08 16:48:34,401-root-INFO-Production : 0 | Temperature : 21.5 | Vibration : 0.01
2022-04-08 16:48:34,401-root-INFO-Production : 0 | Temperature : 21.5 | Vibration : 0.01
2022-04-08 16:48:37,732-root-INFO-Production : 0 | Temperature : 21.5 | Vibration : 0.01
2022-04-08 16:48:37,733-root-INFO-Production : 0 | Temperature : 21.5 | Vibration : 0.01
2022-04-08 16:48:41,070-root-INFO-Production : 0 | Temperature : 21.5 | Vibration : 0.01
2022-04-08 16:48:41,071-root-INFO-Production : 0 | Temperature : 21.5 | Vibration : 0.01
2022-04-08 16:48:44,403-root-INFO-Production : 0 | Temperature : 21.5 | Vibration : 0.01
2022-04-08 16:48:44,404-root-INFO-Production : 0 | Temperature : 21.5 | Vibration : 0.01
2022-04-08 16:48:47,738-root-INFO-Production : 0 | Temperature : 21.5 | Vibration : 0.01
2022-04-08 16:48:47,738-root-INFO-Production : 0 | Temperature : 21.5 | Vibration : 0.01
2022-04-08 16:48:51,068-root-INFO-Production : 0 | Temperature : 21.5 | Vibration : 0.01
2022-04-08 16:48:51,068-root-INFO-Production : 0 | Temperature : 21.5 | Vibration : 0.01
2022-04-08 16:48:54,396-root-INFO-Production : 0 | Temperature : 21.5 | Vibration : 0.01
2022-04-08 16:48:54,396-root-INFO-Production : 0 | Temperature : 21.5 | Vibration : 0.01
2022-04-08 16:48:57,735-root-INFO-Production : 0 | Temperature : 21.5 | Vibration : 0.01
2022-04-08 16:48:57,736-root-INFO-Production : 0 | Temperature : 21.5 | Vibration : 0.01
2022-04-08 16:49:01,072-root-INFO-Production : 0 | Temperature : 21.5 | Vibration : 0.01
2022-04-08 16:49:01,073-root-INFO-Production : 0 | Temperature : 21.5 | Vibration : 0.01
2022-04-08 16:49:04,401-root-INFO-Production : 0 | Temperature : 21.5 | Vibration : 0.01
2022-04-08 16:49:04,401-root-INFO-Production : 0 | Temperature : 21.5 | Vibration : 0.01
2022-04-08 16:49:07,726-root-INFO-Production : 0 | Temperature : 21.5 | Vibration : 0.01
2022-04-08 16:49:07,727-root-INFO-Production : 0 | Temperature : 21.5 | Vibration : 0.01
2022-04-08 16:49:11,059-root-INFO-Production : 0 | Temperature : 21.5 | Vibration : 0.01
2022-04-08 16:49:11,060-root-INFO-Production : 0 | Temperature : 21.5 | Vibration : 0.01
2022-04-08 16:49:14,392-root-INFO-Production : 0 | Temperature : 21.5 | Vibration : 0.01
2022-04-08 16:49:14,393-root-INFO-Production : 0 | Temperature : 21.5 | Vibration : 0.01
2022-04-08 16:49:17,724-root-INFO-Production : 0 | Temperature : 21.5 | Vibration : 0.01
2022-04-08 16:49:17,725-root-INFO-Production : 0 | Temperature : 21.5 | Vibration : 0.01
2022-04-08 16:49:21,057-root-INFO-Production : 0 | Temperature : 21.5 | Vibration : 0.01
2022-04-08 16:49:21,057-root-INFO-Production : 0 | Temperature : 21.5 | Vibration : 0.01
2022-04-08 16:49:24,398-root-INFO-Production : 0 | Temperature : 21.5 | Vibration : 0.00
2022-04-08 16:49:24,398-root-INFO-Production : 0 | Temperature : 21.5 | Vibration : 0.00
2022-04-08 16:49:52,939-root-INFO-Production : 0 | Temperature : 21.6 | Vibration : 0.01
2022-04-08 16:49:52,940-root-INFO-Production : 0 | Temperature : 21.6 | Vibration : 0.01
2022-04-08 16:49:56,936-root-INFO-Production : 0 | Temperature : 21.6 | Vibration : 0.00
2022-04-08 16:49:56,938-root-INFO-Production : 0 | Temperature : 21.6 | Vibration : 0.00
2022-04-08 16:50:01,516-root-INFO-Production : 0 | Temperature : 21.6 | Vibration : 0.00
2022-04-08 16:50:01,517-root-INFO-Production : 0 | Temperature : 21.6 | Vibration : 0.00
2022-04-08 16:50:04,865-root-INFO-Production : 0 | Temperature : 21.6 | Vibration : 0.01
2022-04-08 16:50:04,865-root-INFO-Production : 0 | Temperature : 21.6 | Vibration : 0.01
2022-04-08 16:50:09,113-root-INFO-Production : 0 | Temperature : 21.6 | Vibration : 0.02
2022-04-08 16:50:09,113-root-INFO-Production : 0 | Temperature : 21.6 | Vibration : 0.02
2022-04-08 16:50:12,562-root-INFO-Production : 0 | Temperature : 21.6 | Vibration : 0.01
2022-04-08 16:50:12,563-root-INFO-Production : 0 | Temperature : 21.6 | Vibration : 0.01
2022-04-08 16:50:17,064-root-INFO-Production : 0 | Temperature : 21.6 | Vibration : 0.01
2022-04-08 16:50:17,065-root-INFO-Production : 0 | Temperature : 21.6 | Vibration : 0.01
2022-04-08 17:01:56,025-root-INFO-Production : 0 | Temperature : 21.5 | Vibration : 0.00
2022-04-08 17:01:56,028-root-INFO-Production : 0 | Temperature : 21.5 | Vibration : 0.00
2022-04-08 17:02:01,387-root-INFO-Production : 2 | Temperature : 21.5 | Vibration : 0.01
2022-04-08 17:02:01,390-root-INFO-Production : 2 | Temperature : 21.5 | Vibration : 0.01
2022-04-08 17:02:06,555-root-INFO-Production : 4 | Temperature : 21.5 | Vibration : 0.01
2022-04-08 17:02:06,556-root-INFO-Production : 4 | Temperature : 21.5 | Vibration : 0.01
2022-04-08 17:02:29,102-root-INFO-Production : 1 | Temperature : 21.5 | Vibration : 0.02
2022-04-08 17:02:29,103-root-INFO-Production : 1 | Temperature : 21.5 | Vibration : 0.02
2022-04-08 17:02:34,601-root-INFO-Production : 1 | Temperature : 21.5 | Vibration : 0.01
2022-04-08 17:02:34,602-root-INFO-Production : 1 | Temperature : 21.5 | Vibration : 0.01
2022-04-08 17:02:40,673-root-INFO-Production : 1 | Temperature : 21.5 | Vibration : 0.01
2022-04-08 17:02:40,673-root-INFO-Production : 1 | Temperature : 21.5 | Vibration : 0.01
2022-04-08 17:02:52,559-root-INFO-Production : 2 | Temperature : 21.4 | Vibration : 0.02
2022-04-08 17:02:52,560-root-INFO-Production : 2 | Temperature : 21.4 | Vibration : 0.02
2022-04-08 17:02:58,527-root-INFO-Production : 2 | Temperature : 21.4 | Vibration : 0.01
2022-04-08 17:02:58,529-root-INFO-Production : 2 | Temperature : 21.4 | Vibration : 0.01
2022-04-08 17:07:37,797-root-INFO-Production : 3 | Temperature : 21.8 | Vibration : 0.01
2022-04-08 17:07:37,802-root-INFO-Production : 3 | Temperature : 21.8 | Vibration : 0.01
2022-04-08 17:07:43,082-root-INFO-Production : 6 | Temperature : 21.9 | Vibration : 0.00
2022-04-08 17:07:43,084-root-INFO-Production : 6 | Temperature : 21.9 | Vibration : 0.00
2022-04-08 17:07:48,358-root-INFO-Production : 9 | Temperature : 21.8 | Vibration : 0.01
2022-04-08 17:07:48,370-root-INFO-Production : 9 | Temperature : 21.8 | Vibration : 0.01
2022-04-08 17:07:53,982-root-INFO-Production : 9 | Temperature : 21.8 | Vibration : 0.02
2022-04-08 17:07:53,983-root-INFO-Production : 9 | Temperature : 21.8 | Vibration : 0.02
2022-04-08 17:08:26,273-root-INFO-Production : 0 | Temperature : 21.8 | Vibration : 0.01
2022-04-08 17:08:26,273-root-INFO-Production : 0 | Temperature : 21.8 | Vibration : 0.01
2022-04-08 17:08:29,460-root-INFO-Production : 0 | Temperature : 21.8 | Vibration : 0.01
2022-04-08 17:08:29,461-root-INFO-Production : 0 | Temperature : 21.8 | Vibration : 0.01
2022-04-08 17:08:33,514-root-INFO-Production : 0 | Temperature : 21.8 | Vibration : 0.01
2022-04-08 17:08:33,514-root-INFO-Production : 0 | Temperature : 21.8 | Vibration : 0.01
2022-04-08 17:08:38,770-root-INFO-Production : 2 | Temperature : 22.1 | Vibration : 0.00
2022-04-08 17:08:38,771-root-INFO-Production : 2 | Temperature : 22.1 | Vibration : 0.00
2022-04-08 17:08:44,019-root-INFO-Production : 6 | Temperature : 21.9 | Vibration : 0.00
2022-04-08 17:08:44,020-root-INFO-Production : 6 | Temperature : 21.9 | Vibration : 0.00
2022-04-08 17:08:49,462-root-INFO-Production : 9 | Temperature : 21.7 | Vibration : 0.01
2022-04-08 17:08:49,463-root-INFO-Production : 9 | Temperature : 21.7 | Vibration : 0.01
2022-04-08 17:08:54,628-root-INFO-Production : 12 | Temperature : 21.7 | Vibration : 0.01
2022-04-08 17:08:54,629-root-INFO-Production : 12 | Temperature : 21.7 | Vibration : 0.01
2022-04-08 17:09:05,840-root-INFO-Production : 2 | Temperature : 21.7 | Vibration : 0.01
2022-04-08 17:09:05,841-root-INFO-Production : 2 | Temperature : 21.7 | Vibration : 0.01
2022-04-08 17:09:11,096-root-INFO-Production : 4 | Temperature : 21.8 | Vibration : 0.00
2022-04-08 17:09:11,099-root-INFO-Production : 4 | Temperature : 21.8 | Vibration : 0.00
2022-04-08 17:09:15,438-root-INFO-Production : 4 | Temperature : 21.7 | Vibration : 0.01
2022-04-08 17:09:15,438-root-INFO-Production : 4 | Temperature : 21.7 | Vibration : 0.01
2022-04-08 17:20:08,661-root-INFO-Production : 0 | Temperature : 21.7 | Vibration : 0.01
2022-04-08 17:20:08,661-root-INFO-Production : 0 | Temperature : 21.7 | Vibration : 0.01
2022-04-08 17:20:12,155-root-INFO-Production : 0 | Temperature : 21.7 | Vibration : 0.01
2022-04-08 17:20:12,156-root-INFO-Production : 0 | Temperature : 21.7 | Vibration : 0.01
2022-04-08 17:20:16,328-root-INFO-Production : 0 | Temperature : 21.7 | Vibration : 0.00
2022-04-08 17:20:16,329-root-INFO-Production : 0 | Temperature : 21.7 | Vibration : 0.00
2022-04-08 17:20:20,438-root-INFO-Production : 0 | Temperature : 21.7 | Vibration : 0.01
2022-04-08 17:20:20,439-root-INFO-Production : 0 | Temperature : 21.7 | Vibration : 0.01
2022-04-08 17:20:24,754-root-INFO-Production : 0 | Temperature : 21.7 | Vibration : 0.01
2022-04-08 17:20:24,754-root-INFO-Production : 0 | Temperature : 21.7 | Vibration : 0.01
2022-04-08 17:20:33,358-root-INFO-Production : 0 | Temperature : 21.7 | Vibration : 0.01
2022-04-08 17:20:33,359-root-INFO-Production : 0 | Temperature : 21.7 | Vibration : 0.01
2022-04-08 17:20:37,446-root-INFO-Production : 0 | Temperature : 21.7 | Vibration : 0.01
2022-04-08 17:20:37,446-root-INFO-Production : 0 | Temperature : 21.7 | Vibration : 0.01
2022-04-08 17:20:41,590-root-INFO-Production : 0 | Temperature : 21.7 | Vibration : 0.02
2022-04-08 17:20:41,595-root-INFO-Production : 0 | Temperature : 21.7 | Vibration : 0.02
2022-04-08 17:20:45,756-root-INFO-Production : 0 | Temperature : 21.7 | Vibration : 0.02
2022-04-08 17:20:45,757-root-INFO-Production : 0 | Temperature : 21.7 | Vibration : 0.02
2022-04-08 17:20:49,855-root-INFO-Production : 0 | Temperature : 21.7 | Vibration : 0.01
2022-04-08 17:20:49,858-root-INFO-Production : 0 | Temperature : 21.7 | Vibration : 0.01
2022-04-08 17:20:54,242-root-INFO-Production : 0 | Temperature : 21.7 | Vibration : 0.01
2022-04-08 17:20:54,243-root-INFO-Production : 0 | Temperature : 21.7 | Vibration : 0.01
2022-04-08 17:20:58,797-root-INFO-Production : 0 | Temperature : 21.7 | Vibration : 0.01
2022-04-08 17:20:58,798-root-INFO-Production : 0 | Temperature : 21.7 | Vibration : 0.01
2022-04-08 17:21:03,252-root-INFO-Production : 0 | Temperature : 21.7 | Vibration : 0.01
2022-04-08 17:21:03,253-root-INFO-Production : 0 | Temperature : 21.7 | Vibration : 0.01
2022-04-08 17:21:07,238-root-INFO-Production : 0 | Temperature : 21.7 | Vibration : 0.01
2022-04-08 17:21:07,240-root-INFO-Production : 0 | Temperature : 21.7 | Vibration : 0.01
2022-04-08 17:21:11,413-root-INFO-Production : 0 | Temperature : 21.7 | Vibration : 0.01
2022-04-08 17:21:11,414-root-INFO-Production : 0 | Temperature : 21.7 | Vibration : 0.01
2022-04-08 17:21:15,541-root-INFO-Production : 0 | Temperature : 21.7 | Vibration : 0.01
2022-04-08 17:21:15,542-root-INFO-Production : 0 | Temperature : 21.7 | Vibration : 0.01
2022-04-08 17:21:20,075-root-INFO-Production : 0 | Temperature : 21.7 | Vibration : 0.01
2022-04-08 17:21:20,076-root-INFO-Production : 0 | Temperature : 21.7 | Vibration : 0.01
2022-04-08 17:21:24,915-root-INFO-Production : 0 | Temperature : 21.7 | Vibration : 0.01
2022-04-08 17:21:24,921-root-INFO-Production : 0 | Temperature : 21.7 | Vibration : 0.01
2022-04-08 17:21:29,321-root-INFO-Production : 0 | Temperature : 21.7 | Vibration : 0.01
2022-04-08 17:21:29,322-root-INFO-Production : 0 | Temperature : 21.7 | Vibration : 0.01
2022-04-08 17:21:33,565-root-INFO-Production : 0 | Temperature : 21.7 | Vibration : 0.01
2022-04-08 17:21:33,566-root-INFO-Production : 0 | Temperature : 21.7 | Vibration : 0.01
2022-04-08 17:21:38,044-root-INFO-Production : 0 | Temperature : 21.7 | Vibration : 0.01
2022-04-08 17:21:38,045-root-INFO-Production : 0 | Temperature : 21.7 | Vibration : 0.01
2022-04-08 17:21:42,215-root-INFO-Production : 0 | Temperature : 21.7 | Vibration : 0.01
2022-04-08 17:21:42,215-root-INFO-Production : 0 | Temperature : 21.7 | Vibration : 0.01
2022-04-08 17:21:46,405-root-INFO-Production : 0 | Temperature : 21.7 | Vibration : 0.01
2022-04-08 17:21:46,406-root-INFO-Production : 0 | Temperature : 21.7 | Vibration : 0.01
2022-04-08 17:21:50,674-root-INFO-Production : 0 | Temperature : 21.7 | Vibration : 0.01
2022-04-08 17:21:50,675-root-INFO-Production : 0 | Temperature : 21.7 | Vibration : 0.01
2022-04-08 17:21:54,592-root-INFO-Production : 0 | Temperature : 21.7 | Vibration : 0.00
2022-04-08 17:21:54,595-root-INFO-Production : 0 | Temperature : 21.7 | Vibration : 0.00
2022-04-08 17:21:58,611-root-INFO-Production : 0 | Temperature : 21.7 | Vibration : 0.01
2022-04-08 17:21:58,616-root-INFO-Production : 0 | Temperature : 21.7 | Vibration : 0.01
2022-04-08 17:22:02,831-root-INFO-Production : 0 | Temperature : 21.7 | Vibration : 0.01
2022-04-08 17:22:02,832-root-INFO-Production : 0 | Temperature : 21.7 | Vibration : 0.01
2022-04-08 17:22:06,883-root-INFO-Production : 0 | Temperature : 21.7 | Vibration : 0.01
2022-04-08 17:22:06,885-root-INFO-Production : 0 | Temperature : 21.7 | Vibration : 0.01
2022-04-08 17:22:10,837-root-INFO-Production : 0 | Temperature : 21.7 | Vibration : 0.01
2022-04-08 17:22:10,840-root-INFO-Production : 0 | Temperature : 21.7 | Vibration : 0.01
2022-04-08 17:22:14,813-root-INFO-Production : 0 | Temperature : 21.7 | Vibration : 0.00
2022-04-08 17:22:14,815-root-INFO-Production : 0 | Temperature : 21.7 | Vibration : 0.00
2022-04-08 17:22:18,903-root-INFO-Production : 0 | Temperature : 21.7 | Vibration : 0.01
2022-04-08 17:22:18,904-root-INFO-Production : 0 | Temperature : 21.7 | Vibration : 0.01
2022-04-08 17:22:23,013-root-INFO-Production : 0 | Temperature : 21.7 | Vibration : 0.01
2022-04-08 17:22:23,018-root-INFO-Production : 0 | Temperature : 21.7 | Vibration : 0.01
2022-04-08 17:22:27,702-root-INFO-Production : 0 | Temperature : 21.7 | Vibration : 0.01
2022-04-08 17:22:27,704-root-INFO-Production : 0 | Temperature : 21.7 | Vibration : 0.01
2022-04-08 17:22:32,360-root-INFO-Production : 0 | Temperature : 21.7 | Vibration : 0.01
2022-04-08 17:22:32,363-root-INFO-Production : 0 | Temperature : 21.7 | Vibration : 0.01
2022-04-08 17:22:36,663-root-INFO-Production : 0 | Temperature : 21.7 | Vibration : 0.01
2022-04-08 17:22:36,663-root-INFO-Production : 0 | Temperature : 21.7 | Vibration : 0.01
2022-04-08 17:22:41,155-root-INFO-Production : 0 | Temperature : 21.7 | Vibration : 0.01
2022-04-08 17:22:41,156-root-INFO-Production : 0 | Temperature : 21.7 | Vibration : 0.01
2022-04-08 17:22:45,236-root-INFO-Production : 0 | Temperature : 21.7 | Vibration : 0.01
2022-04-08 17:22:45,236-root-INFO-Production : 0 | Temperature : 21.7 | Vibration : 0.01
2022-04-08 17:22:49,420-root-INFO-Production : 0 | Temperature : 21.7 | Vibration : 0.02
2022-04-08 17:22:49,426-root-INFO-Production : 0 | Temperature : 21.7 | Vibration : 0.02
2022-04-08 17:22:53,627-root-INFO-Production : 0 | Temperature : 21.7 | Vibration : 0.01
2022-04-08 17:22:53,628-root-INFO-Production : 0 | Temperature : 21.7 | Vibration : 0.01
2022-04-08 17:23:01,640-root-INFO-Production : 0 | Temperature : 21.7 | Vibration : 0.01
2022-04-08 17:23:01,641-root-INFO-Production : 0 | Temperature : 21.7 | Vibration : 0.01
2022-04-08 17:23:05,753-root-INFO-Production : 0 | Temperature : 21.7 | Vibration : 0.01
2022-04-08 17:23:05,754-root-INFO-Production : 0 | Temperature : 21.7 | Vibration : 0.01
2022-04-08 17:23:10,058-root-INFO-Production : 0 | Temperature : 21.7 | Vibration : 0.01
2022-04-08 17:23:10,058-root-INFO-Production : 0 | Temperature : 21.7 | Vibration : 0.01
2022-04-08 17:23:14,233-root-INFO-Production : 0 | Temperature : 21.7 | Vibration : 0.01
2022-04-08 17:23:14,234-root-INFO-Production : 0 | Temperature : 21.7 | Vibration : 0.01
2022-04-08 17:23:18,325-root-INFO-Production : 0 | Temperature : 21.7 | Vibration : 0.01
2022-04-08 17:23:18,328-root-INFO-Production : 0 | Temperature : 21.7 | Vibration : 0.01
2022-04-08 17:23:22,676-root-INFO-Production : 0 | Temperature : 21.7 | Vibration : 0.01
2022-04-08 17:23:22,677-root-INFO-Production : 0 | Temperature : 21.7 | Vibration : 0.01
2022-04-08 17:23:31,757-root-INFO-Production : 0 | Temperature : 21.7 | Vibration : 0.01
2022-04-08 17:23:31,758-root-INFO-Production : 0 | Temperature : 21.7 | Vibration : 0.01
2022-04-08 17:23:36,085-root-INFO-Production : 0 | Temperature : 21.7 | Vibration : 0.00
2022-04-08 17:23:36,085-root-INFO-Production : 0 | Temperature : 21.7 | Vibration : 0.00
2022-04-08 17:23:40,259-root-INFO-Production : 0 | Temperature : 21.8 | Vibration : 0.01
2022-04-08 17:23:40,260-root-INFO-Production : 0 | Temperature : 21.8 | Vibration : 0.01
2022-04-08 17:23:53,810-root-INFO-Production : 0 | Temperature : 21.7 | Vibration : 0.01
2022-04-08 17:23:53,810-root-INFO-Production : 0 | Temperature : 21.7 | Vibration : 0.01
2022-04-08 17:23:58,236-root-INFO-Production : 0 | Temperature : 21.8 | Vibration : 0.01
2022-04-08 17:23:58,236-root-INFO-Production : 0 | Temperature : 21.8 | Vibration : 0.01
2022-04-08 17:24:00,883-root-INFO-Production : 0 | Temperature : 21.9 | Vibration : 0.00
2022-04-08 17:24:00,884-root-INFO-Production : 0 | Temperature : 21.9 | Vibration : 0.00
2022-04-08 17:24:03,481-root-INFO-Production : 0 | Temperature : 21.8 | Vibration : 0.01
2022-04-08 17:24:03,481-root-INFO-Production : 0 | Temperature : 21.8 | Vibration : 0.01
2022-04-08 17:24:06,074-root-INFO-Production : 0 | Temperature : 21.8 | Vibration : 0.02
2022-04-08 17:24:06,077-root-INFO-Production : 0 | Temperature : 21.8 | Vibration : 0.02
2022-04-08 17:24:08,739-root-INFO-Production : 0 | Temperature : 21.9 | Vibration : 0.02
2022-04-08 17:24:08,739-root-INFO-Production : 0 | Temperature : 21.9 | Vibration : 0.02
2022-04-08 17:24:50,675-root-INFO-Production : 0 | Temperature : 21.8 | Vibration : 0.01
2022-04-08 17:24:50,682-root-INFO-Production : 0 | Temperature : 21.8 | Vibration : 0.01
2022-04-08 17:24:55,076-root-INFO-Production : 0 | Temperature : 21.8 | Vibration : 0.01
2022-04-08 17:24:55,076-root-INFO-Production : 0 | Temperature : 21.8 | Vibration : 0.01
2022-04-08 17:24:59,382-root-INFO-Production : 0 | Temperature : 21.8 | Vibration : 0.00
2022-04-08 17:24:59,383-root-INFO-Production : 0 | Temperature : 21.8 | Vibration : 0.00
2022-04-08 17:25:03,959-root-INFO-Production : 0 | Temperature : 21.8 | Vibration : 0.01
2022-04-08 17:25:03,961-root-INFO-Production : 0 | Temperature : 21.8 | Vibration : 0.01
2022-04-08 17:25:08,220-root-INFO-Production : 0 | Temperature : 21.8 | Vibration : 0.01
2022-04-08 17:25:08,221-root-INFO-Production : 0 | Temperature : 21.8 | Vibration : 0.01
2022-04-08 17:25:12,275-root-INFO-Production : 0 | Temperature : 21.8 | Vibration : 0.01
2022-04-08 17:25:12,275-root-INFO-Production : 0 | Temperature : 21.8 | Vibration : 0.01
2022-04-08 17:25:17,014-root-INFO-Production : 0 | Temperature : 21.8 | Vibration : 0.02
2022-04-08 17:25:17,015-root-INFO-Production : 0 | Temperature : 21.8 | Vibration : 0.02
2022-04-08 17:25:20,861-root-INFO-Production : 0 | Temperature : 21.8 | Vibration : 0.01
2022-04-08 17:25:20,862-root-INFO-Production : 0 | Temperature : 21.8 | Vibration : 0.01
2022-04-08 17:25:24,858-root-INFO-Production : 0 | Temperature : 21.8 | Vibration : 0.01
2022-04-08 17:25:24,860-root-INFO-Production : 0 | Temperature : 21.8 | Vibration : 0.01
2022-04-08 17:25:28,999-root-INFO-Production : 0 | Temperature : 21.8 | Vibration : 0.00
2022-04-08 17:25:28,999-root-INFO-Production : 0 | Temperature : 21.8 | Vibration : 0.00
2022-04-08 17:25:37,753-root-INFO-Production : 0 | Temperature : 21.8 | Vibration : 0.01
2022-04-08 17:25:37,755-root-INFO-Production : 0 | Temperature : 21.8 | Vibration : 0.01
2022-04-08 17:25:41,965-root-INFO-Production : 0 | Temperature : 21.8 | Vibration : 0.01
2022-04-08 17:25:41,966-root-INFO-Production : 0 | Temperature : 21.8 | Vibration : 0.01
2022-04-08 17:25:46,305-root-INFO-Production : 0 | Temperature : 21.8 | Vibration : 0.02
2022-04-08 17:25:46,306-root-INFO-Production : 0 | Temperature : 21.8 | Vibration : 0.02
2022-04-08 17:25:50,531-root-INFO-Production : 0 | Temperature : 21.8 | Vibration : 0.01
2022-04-08 17:25:50,532-root-INFO-Production : 0 | Temperature : 21.8 | Vibration : 0.01
2022-04-08 17:25:54,980-root-INFO-Production : 0 | Temperature : 21.8 | Vibration : 0.01
2022-04-08 17:25:54,981-root-INFO-Production : 0 | Temperature : 21.8 | Vibration : 0.01
2022-04-08 17:25:58,948-root-INFO-Production : 0 | Temperature : 21.8 | Vibration : 0.01
2022-04-08 17:25:58,948-root-INFO-Production : 0 | Temperature : 21.8 | Vibration : 0.01
2022-04-08 17:26:02,938-root-INFO-Production : 0 | Temperature : 21.8 | Vibration : 0.01
2022-04-08 17:26:02,942-root-INFO-Production : 0 | Temperature : 21.8 | Vibration : 0.01
2022-04-08 17:26:07,185-root-INFO-Production : 0 | Temperature : 21.8 | Vibration : 0.00
2022-04-08 17:26:07,185-root-INFO-Production : 0 | Temperature : 21.8 | Vibration : 0.00
2022-04-08 17:26:11,577-root-INFO-Production : 0 | Temperature : 21.8 | Vibration : 0.01
2022-04-08 17:26:11,578-root-INFO-Production : 0 | Temperature : 21.8 | Vibration : 0.01
2022-04-08 17:26:15,981-root-INFO-Production : 0 | Temperature : 21.8 | Vibration : 0.00
2022-04-08 17:26:15,981-root-INFO-Production : 0 | Temperature : 21.8 | Vibration : 0.00
2022-04-08 17:26:20,189-root-INFO-Production : 0 | Temperature : 21.8 | Vibration : 0.01
2022-04-08 17:26:20,193-root-INFO-Production : 0 | Temperature : 21.8 | Vibration : 0.01
2022-04-08 17:26:24,618-root-INFO-Production : 0 | Temperature : 21.8 | Vibration : 0.01
2022-04-08 17:26:24,619-root-INFO-Production : 0 | Temperature : 21.8 | Vibration : 0.01
2022-04-08 17:26:28,865-root-INFO-Production : 0 | Temperature : 21.8 | Vibration : 0.02
2022-04-08 17:26:28,867-root-INFO-Production : 0 | Temperature : 21.8 | Vibration : 0.02
2022-04-08 17:26:33,027-root-INFO-Production : 0 | Temperature : 21.8 | Vibration : 0.01
2022-04-08 17:26:33,027-root-INFO-Production : 0 | Temperature : 21.8 | Vibration : 0.01
2022-04-08 17:26:37,179-root-INFO-Production : 0 | Temperature : 21.8 | Vibration : 0.01
2022-04-08 17:26:37,180-root-INFO-Production : 0 | Temperature : 21.8 | Vibration : 0.01
2022-04-08 17:26:41,624-root-INFO-Production : 0 | Temperature : 21.8 | Vibration : 0.01
2022-04-08 17:26:41,626-root-INFO-Production : 0 | Temperature : 21.8 | Vibration : 0.01
2022-04-08 17:26:46,070-root-INFO-Production : 0 | Temperature : 21.8 | Vibration : 0.01
2022-04-08 17:26:46,074-root-INFO-Production : 0 | Temperature : 21.8 | Vibration : 0.01
2022-04-08 17:26:50,447-root-INFO-Production : 0 | Temperature : 21.8 | Vibration : 0.02
2022-04-08 17:26:50,447-root-INFO-Production : 0 | Temperature : 21.8 | Vibration : 0.02
2022-04-08 17:26:55,039-root-INFO-Production : 0 | Temperature : 21.8 | Vibration : 0.00
2022-04-08 17:26:55,040-root-INFO-Production : 0 | Temperature : 21.8 | Vibration : 0.00
2022-04-08 17:27:06,070-root-INFO-Production : 0 | Temperature : 21.8 | Vibration : 0.00
2022-04-08 17:27:06,070-root-INFO-Production : 0 | Temperature : 21.8 | Vibration : 0.00
2022-04-08 17:27:10,466-root-INFO-Production : 0 | Temperature : 21.8 | Vibration : 0.02
2022-04-08 17:27:10,467-root-INFO-Production : 0 | Temperature : 21.8 | Vibration : 0.02
2022-04-08 17:32:50,800-root-INFO-Production : 0 | Temperature : 23.4 | Vibration : 0.01
2022-04-08 17:32:50,805-root-INFO-Production : 0 | Temperature : 23.4 | Vibration : 0.01
2022-04-08 17:32:55,982-root-INFO-Production : 0 | Temperature : 23.4 | Vibration : 0.01
2022-04-08 17:32:55,983-root-INFO-Production : 0 | Temperature : 23.4 | Vibration : 0.01
2022-04-08 17:32:59,799-root-INFO-Production : 0 | Temperature : 23.5 | Vibration : 0.01
2022-04-08 17:32:59,799-root-INFO-Production : 0 | Temperature : 23.5 | Vibration : 0.01
2022-04-08 17:33:04,760-root-INFO-Production : 0 | Temperature : 23.5 | Vibration : 0.01
2022-04-08 17:33:04,761-root-INFO-Production : 0 | Temperature : 23.5 | Vibration : 0.01
2022-04-08 17:33:09,739-root-INFO-Production : 0 | Temperature : 23.4 | Vibration : 0.01
2022-04-08 17:33:09,740-root-INFO-Production : 0 | Temperature : 23.4 | Vibration : 0.01
2022-04-08 17:40:50,799-root-INFO-Production : 0 | Temperature : 23.4 | Vibration : 0.01
2022-04-08 17:40:50,802-root-INFO-Production : 0 | Temperature : 23.4 | Vibration : 0.01
2022-04-08 17:40:53,866-root-INFO-Production : 0 | Temperature : 23.4 | Vibration : 0.01
2022-04-08 17:40:53,867-root-INFO-Production : 0 | Temperature : 23.4 | Vibration : 0.01
2022-04-08 17:40:57,958-root-INFO-Production : 0 | Temperature : 23.4 | Vibration : 0.01
2022-04-08 17:40:57,958-root-INFO-Production : 0 | Temperature : 23.4 | Vibration : 0.01
2022-04-08 17:41:02,222-root-INFO-Production : 0 | Temperature : 23.4 | Vibration : 0.01
2022-04-08 17:41:02,223-root-INFO-Production : 0 | Temperature : 23.4 | Vibration : 0.01
2022-04-08 17:41:06,074-root-INFO-Production : 0 | Temperature : 23.4 | Vibration : 0.01
2022-04-08 17:41:06,075-root-INFO-Production : 0 | Temperature : 23.4 | Vibration : 0.01
2022-04-08 17:41:10,398-root-INFO-Production : 0 | Temperature : 23.4 | Vibration : 0.01
2022-04-08 17:41:10,399-root-INFO-Production : 0 | Temperature : 23.4 | Vibration : 0.01
2022-04-08 17:43:53,402-root-WARNING-Camera is not detected!
2022-04-08 17:43:53,402-root-WARNING-Camera is not detected!
2022-04-08 17:44:03,440-root-WARNING-Camera is not detected!
2022-04-08 17:44:03,441-root-WARNING-Camera is not detected!
2022-04-08 17:44:13,506-root-WARNING-Camera is not detected!
2022-04-08 17:44:13,506-root-WARNING-Camera is not detected!
2022-04-08 17:46:15,422-root-WARNING-Camera is not detected!
2022-04-08 17:46:15,423-root-WARNING-Camera is not detected!
2022-04-08 17:46:25,470-root-WARNING-Camera is not detected!
2022-04-08 17:46:25,472-root-WARNING-Camera is not detected!
2022-04-08 17:48:19,010-root-WARNING-Camera is not detected!
2022-04-08 17:48:19,016-root-WARNING-Camera is not detected!
2022-04-08 17:49:28,997-root-WARNING-Camera is not detected!
2022-04-08 17:55:30,057-root-WARNING-Camera is not detected!
2022-04-08 17:56:50,316-root-WARNING-Camera is not detected!
2022-04-08 18:00:21,394-root-WARNING-Camera is not detected!
2022-04-08 18:03:23,895-root-INFO-Production : 0 | Temperature : 21.7 | Vibration : 0.01
2022-04-08 18:03:29,099-root-INFO-Production : 0 | Temperature : 21.7 | Vibration : 0.01
2022-04-08 18:03:32,718-root-INFO-Production : 0 | Temperature : 21.7 | Vibration : 0.01
2022-04-08 18:03:36,362-root-INFO-Production : 0 | Temperature : 21.7 | Vibration : 0.01
2022-04-08 18:03:39,916-root-INFO-Production : 0 | Temperature : 21.7 | Vibration : 0.00
2022-04-08 18:03:43,972-root-INFO-Production : 0 | Temperature : 21.7 | Vibration : 0.01
2022-04-08 18:03:47,145-root-INFO-Production : 0 | Temperature : 21.7 | Vibration : 0.01
2022-04-08 18:03:50,591-root-INFO-Production : 0 | Temperature : 21.7 | Vibration : 0.02
2022-04-08 18:03:54,219-root-INFO-Production : 0 | Temperature : 21.7 | Vibration : 0.01
2022-04-08 18:03:58,308-root-INFO-Production : 0 | Temperature : 21.7 | Vibration : 0.02
2022-04-08 18:04:01,625-root-INFO-Production : 0 | Temperature : 21.7 | Vibration : 0.01
2022-04-08 18:04:05,018-root-INFO-Production : 0 | Temperature : 21.7 | Vibration : 0.01
2022-04-08 18:04:09,024-root-INFO-Production : 0 | Temperature : 21.7 | Vibration : 0.01
2022-04-08 18:04:12,353-root-INFO-Production : 0 | Temperature : 21.7 | Vibration : 0.01
2022-04-08 18:04:15,897-root-INFO-Production : 0 | Temperature : 21.7 | Vibration : 0.01
